This is pdfTeX, Version 3.1415926-2.4-1.40.13 (MiKTeX 2.9) (preloaded format=pdflatex 2013.10.22)  22 OCT 2013 17:54
entering extended mode
**Z:/save/replacement*laptop/ikovacev/Desktop/LiYbF4_MF-calc/summary.tex
("Z:/save/replacement laptop/ikovacev/Desktop/LiYbF4_MF-calc/summary.tex"
LaTeX2e <2011/06/27>
Babel <v3.8m> and hyphenation patterns for english, afrikaans, ancientgreek, ar
abic, armenian, assamese, basque, bengali, bokmal, bulgarian, catalan, coptic, 
croatian, czech, danish, dutch, esperanto, estonian, farsi, finnish, french, ga
lician, german, german-x-2012-05-30, greek, gujarati, hindi, hungarian, iceland
ic, indonesian, interlingua, irish, italian, kannada, kurmanji, latin, latvian,
 lithuanian, malayalam, marathi, mongolian, mongolianlmc, monogreek, ngerman, n
german-x-2012-05-30, nynorsk, oriya, panjabi, pinyin, polish, portuguese, roman
ian, russian, sanskrit, serbian, slovak, slovenian, spanish, swedish, swissgerm
an, tamil, telugu, turkish, turkmen, ukenglish, ukrainian, uppersorbian, usengl
ishmax, welsh, loaded.
("C:\Program Files (x86)\MiKTeX 2.9\tex\latex\base\article.cls"
Document Class: article 2007/10/19 v1.4h Standard LaTeX document class
("C:\Program Files (x86)\MiKTeX 2.9\tex\latex\base\size10.clo"
File: size10.clo 2007/10/19 v1.4h Standard LaTeX file (size option)
)
\c@part=\count79
\c@section=\count80
\c@subsection=\count81
\c@subsubsection=\count82
\c@paragraph=\count83
\c@subparagraph=\count84
\c@figure=\count85
\c@table=\count86
\abovecaptionskip=\skip41
\belowcaptionskip=\skip42
\bibindent=\dimen102
)
("C:\Program Files (x86)\MiKTeX 2.9\tex\latex\graphics\graphicx.sty"
Package: graphicx 1999/02/16 v1.0f Enhanced LaTeX Graphics (DPC,SPQR)

("C:\Program Files (x86)\MiKTeX 2.9\tex\latex\graphics\keyval.sty"
Package: keyval 1999/03/16 v1.13 key=value parser (DPC)
\KV@toks@=\toks14
)
("C:\Program Files (x86)\MiKTeX 2.9\tex\latex\graphics\graphics.sty"
Package: graphics 2009/02/05 v1.0o Standard LaTeX Graphics (DPC,SPQR)

("C:\Program Files (x86)\MiKTeX 2.9\tex\latex\graphics\trig.sty"
Package: trig 1999/03/16 v1.09 sin cos tan (DPC)
)
("C:\Program Files (x86)\MiKTeX 2.9\tex\latex\00miktex\graphics.cfg"
File: graphics.cfg 2007/01/18 v1.5 graphics configuration of teTeX/TeXLive
)
Package graphics Info: Driver file: pdftex.def on input line 91.

("C:\Program Files (x86)\MiKTeX 2.9\tex\latex\pdftex-def\pdftex.def"
File: pdftex.def 2011/05/27 v0.06d Graphics/color for pdfTeX

("C:\Program Files (x86)\MiKTeX 2.9\tex\generic\oberdiek\infwarerr.sty"
Package: infwarerr 2010/04/08 v1.3 Providing info/warning/error messages (HO)
)
("C:\Program Files (x86)\MiKTeX 2.9\tex\generic\oberdiek\ltxcmds.sty"
Package: ltxcmds 2011/11/09 v1.22 LaTeX kernel commands for general use (HO)
)
\Gread@gobject=\count87
))
\Gin@req@height=\dimen103
\Gin@req@width=\dimen104
)
(C:\Users\ikovacev\AppData\Roaming\MiKTeX\2.9\tex\latex\natbib\natbib.sty
Package: natbib 2010/09/13 8.31b (PWD, AO)
\bibhang=\skip43
\bibsep=\skip44
LaTeX Info: Redefining \cite on input line 694.
\c@NAT@ctr=\count88
)
("C:\Program Files (x86)\MiKTeX 2.9\tex\latex\graphics\color.sty"
Package: color 2005/11/14 v1.0j Standard LaTeX Color (DPC)

("C:\Program Files (x86)\MiKTeX 2.9\tex\latex\00miktex\color.cfg"
File: color.cfg 2007/01/18 v1.5 color configuration of teTeX/TeXLive
)
Package color Info: Driver file: pdftex.def on input line 130.
)
("C:\Program Files (x86)\MiKTeX 2.9\tex\latex\tools\bm.sty"
Package: bm 2004/02/26 v1.1c Bold Symbol Support (DPC/FMi)
\symboldoperators=\mathgroup4
\symboldletters=\mathgroup5
\symboldsymbols=\mathgroup6
LaTeX Font Info:    Redeclaring math alphabet \mathbf on input line 138.
LaTeX Info: Redefining \bm on input line 204.
)
("C:\Program Files (x86)\MiKTeX 2.9\tex\latex\multirow\multirow.sty"
\bigstrutjot=\dimen105
)
("C:\Program Files (x86)\MiKTeX 2.9\tex\latex\amsmath\amsmath.sty"
Package: amsmath 2013/01/14 v2.14 AMS math features
\@mathmargin=\skip45

For additional information on amsmath, use the `?' option.
("C:\Program Files (x86)\MiKTeX 2.9\tex\latex\amsmath\amstext.sty"
Package: amstext 2000/06/29 v2.01

("C:\Program Files (x86)\MiKTeX 2.9\tex\latex\amsmath\amsgen.sty"
File: amsgen.sty 1999/11/30 v2.0
\@emptytoks=\toks15
\ex@=\dimen106
))
("C:\Program Files (x86)\MiKTeX 2.9\tex\latex\amsmath\amsbsy.sty"
Package: amsbsy 1999/11/29 v1.2d
LaTeX Info: Redefining \boldsymbol on input line 39.
\pmbraise@=\dimen107
)
("C:\Program Files (x86)\MiKTeX 2.9\tex\latex\amsmath\amsopn.sty"
Package: amsopn 1999/12/14 v2.01 operator names
)
\inf@bad=\count89
LaTeX Info: Redefining \frac on input line 210.
\uproot@=\count90
\leftroot@=\count91
LaTeX Info: Redefining \overline on input line 306.
\classnum@=\count92
\DOTSCASE@=\count93
LaTeX Info: Redefining \ldots on input line 378.
LaTeX Info: Redefining \dots on input line 381.
LaTeX Info: Redefining \cdots on input line 466.
\Mathstrutbox@=\box26
\strutbox@=\box27
\big@size=\dimen108
LaTeX Font Info:    Redeclaring font encoding OML on input line 566.
LaTeX Font Info:    Redeclaring font encoding OMS on input line 567.
\macc@depth=\count94
\c@MaxMatrixCols=\count95
\dotsspace@=\muskip10
\c@parentequation=\count96
\dspbrk@lvl=\count97
\tag@help=\toks16
\row@=\count98
\column@=\count99
\maxfields@=\count100
\andhelp@=\toks17
\eqnshift@=\dimen109
\alignsep@=\dimen110
\tagshift@=\dimen111
\tagwidth@=\dimen112
\totwidth@=\dimen113
\lineht@=\dimen114
\@envbody=\toks18
\multlinegap=\skip46
\multlinetaggap=\skip47
\mathdisplay@stack=\toks19
LaTeX Info: Redefining \[ on input line 2665.
LaTeX Info: Redefining \] on input line 2666.
)
("C:\Program Files (x86)\MiKTeX 2.9\tex\latex\amsfonts\amssymb.sty"
Package: amssymb 2013/01/14 v3.01 AMS font symbols

("C:\Program Files (x86)\MiKTeX 2.9\tex\latex\amsfonts\amsfonts.sty"
Package: amsfonts 2013/01/14 v3.01 Basic AMSFonts support
\symAMSa=\mathgroup7
\symAMSb=\mathgroup8
LaTeX Font Info:    Overwriting math alphabet `\mathfrak' in version `bold'
(Font)                  U/euf/m/n --> U/euf/b/n on input line 106.
))
("C:\Program Files (x86)\MiKTeX 2.9\tex\latex\tools\longtable.sty"
Package: longtable 2004/02/01 v4.11 Multi-page Table package (DPC)
\LTleft=\skip48
\LTright=\skip49
\LTpre=\skip50
\LTpost=\skip51
\LTchunksize=\count101
\LTcapwidth=\dimen115
\LT@head=\box28
\LT@firsthead=\box29
\LT@foot=\box30
\LT@lastfoot=\box31
\LT@cols=\count102
\LT@rows=\count103
\c@LT@tables=\count104
\c@LT@chunks=\count105
\LT@p@ftn=\toks20
)
("C:\Program Files (x86)\MiKTeX 2.9\tex\latex\graphics\lscape.sty"
Package: lscape 2000/10/22 v3.01 Landscape Pages (DPC)
)
("C:\Program Files (x86)\MiKTeX 2.9\tex\latex\oberdiek\grffile.sty"
Package: grffile 2012/04/05 v1.16 Extended file name support for graphics (HO)

("C:\Program Files (x86)\MiKTeX 2.9\tex\generic\oberdiek\ifpdf.sty"
Package: ifpdf 2011/01/30 v2.3 Provides the ifpdf switch (HO)
Package ifpdf Info: pdfTeX in PDF mode is detected.
)
("C:\Program Files (x86)\MiKTeX 2.9\tex\generic\ifxetex\ifxetex.sty"
Package: ifxetex 2010/09/12 v0.6 Provides ifxetex conditional
)
("C:\Program Files (x86)\MiKTeX 2.9\tex\latex\oberdiek\kvoptions.sty"
Package: kvoptions 2011/06/30 v3.11 Key value format for package options (HO)

("C:\Program Files (x86)\MiKTeX 2.9\tex\generic\oberdiek\kvsetkeys.sty"
Package: kvsetkeys 2012/04/25 v1.16 Key value parser (HO)

("C:\Program Files (x86)\MiKTeX 2.9\tex\generic\oberdiek\etexcmds.sty"
Package: etexcmds 2011/02/16 v1.5 Avoid name clashes with e-TeX commands (HO)

("C:\Program Files (x86)\MiKTeX 2.9\tex\generic\oberdiek\ifluatex.sty"
Package: ifluatex 2010/03/01 v1.3 Provides the ifluatex switch (HO)
Package ifluatex Info: LuaTeX not detected.
)
Package etexcmds Info: Could not find \expanded.
(etexcmds)             That can mean that you are not using pdfTeX 1.50 or
(etexcmds)             that some package has redefined \expanded.
(etexcmds)             In the latter case, load this package earlier.
)))
("C:\Program Files (x86)\MiKTeX 2.9\tex\generic\oberdiek\pdftexcmds.sty"
Package: pdftexcmds 2011/11/29 v0.20 Utility functions of pdfTeX for LuaTeX (HO
)
Package pdftexcmds Info: LuaTeX not detected.
Package pdftexcmds Info: \pdf@primitive is available.
Package pdftexcmds Info: \pdf@ifprimitive is available.
Package pdftexcmds Info: \pdfdraftmode found.
)
Package grffile Info: Option `multidot' is set to `true'.
Package grffile Info: Option `extendedchars' is set to `false'.
Package grffile Info: Option `space' is set to `true'.
Package grffile Info: \Gin@ii of package `graphicx' fixed on input line 486.
)
("C:\Program Files (x86)\MiKTeX 2.9\tex\latex\geometry\geometry.sty"
Package: geometry 2010/09/12 v5.6 Page Geometry

("C:\Program Files (x86)\MiKTeX 2.9\tex\generic\oberdiek\ifvtex.sty"
Package: ifvtex 2010/03/01 v1.5 Detect VTeX and its facilities (HO)
Package ifvtex Info: VTeX not detected.
)
\Gm@cnth=\count106
\Gm@cntv=\count107
\c@Gm@tempcnt=\count108
\Gm@bindingoffset=\dimen116
\Gm@wd@mp=\dimen117
\Gm@odd@mp=\dimen118
\Gm@even@mp=\dimen119
\Gm@layoutwidth=\dimen120
\Gm@layoutheight=\dimen121
\Gm@layouthoffset=\dimen122
\Gm@layoutvoffset=\dimen123
\Gm@dimlist=\toks21

("C:\Program Files (x86)\MiKTeX 2.9\tex\latex\geometry\geometry.cfg"))
("C:\Program Files (x86)\MiKTeX 2.9\tex\latex\oberdiek\epstopdf.sty"
Package: epstopdf 2010/02/09 v2.5 Conversion with epstopdf on the fly (HO)

("C:\Program Files (x86)\MiKTeX 2.9\tex\latex\oberdiek\epstopdf-base.sty"
Package: epstopdf-base 2010/02/09 v2.5 Base part for package epstopdf

("C:\Program Files (x86)\MiKTeX 2.9\tex\latex\oberdiek\grfext.sty"
Package: grfext 2010/08/19 v1.1 Manage graphics extensions (HO)

("C:\Program Files (x86)\MiKTeX 2.9\tex\generic\oberdiek\kvdefinekeys.sty"
Package: kvdefinekeys 2011/04/07 v1.3 Define keys (HO)
))
Package grfext Info: Graphics extension search list:
(grfext)             [.png,.pdf,.jpg,.mps,.jpeg,.jbig2,.jb2,.PNG,.PDF,.JPG,.JPE
G,.JBIG2,.JB2,.eps]
(grfext)             \AppendGraphicsExtensions on input line 452.
))
("Z:\save\replacement laptop\ikovacev\Desktop\LiYbF4_MF-calc\summary.aux")
LaTeX Font Info:    Checking defaults for OML/cmm/m/it on input line 15.
LaTeX Font Info:    ... okay on input line 15.
LaTeX Font Info:    Checking defaults for T1/cmr/m/n on input line 15.
LaTeX Font Info:    ... okay on input line 15.
LaTeX Font Info:    Checking defaults for OT1/cmr/m/n on input line 15.
LaTeX Font Info:    ... okay on input line 15.
LaTeX Font Info:    Checking defaults for OMS/cmsy/m/n on input line 15.
LaTeX Font Info:    ... okay on input line 15.
LaTeX Font Info:    Checking defaults for OMX/cmex/m/n on input line 15.
LaTeX Font Info:    ... okay on input line 15.
LaTeX Font Info:    Checking defaults for U/cmr/m/n on input line 15.
LaTeX Font Info:    ... okay on input line 15.

(C:\Users\ikovacev\AppData\Roaming\MiKTeX\2.9\tex\context\base\supp-pdf.mkii
[Loading MPS to PDF converter (version 2006.09.02).]
\scratchcounter=\count109
\scratchdimen=\dimen124
\scratchbox=\box32
\nofMPsegments=\count110
\nofMParguments=\count111
\everyMPshowfont=\toks22
\MPscratchCnt=\count112
\MPscratchDim=\dimen125
\MPnumerator=\count113
\makeMPintoPDFobject=\count114
\everyMPtoPDFconversion=\toks23
)
*geometry* driver: auto-detecting
*geometry* detected driver: pdftex
*geometry* verbose mode - [ preamble ] result:
* driver: pdftex
* paper: a4paper
* layout: <same size as paper>
* layoutoffset:(h,v)=(0.0pt,0.0pt)
* modes: 
* h-part:(L,W,R)=(7.22743pt, 583.05301pt, 7.22743pt)
* v-part:(T,H,B)=(14.45377pt, 816.13931pt, 14.45377pt)
* \paperwidth=597.50787pt
* \paperheight=845.04684pt
* \textwidth=583.05301pt
* \textheight=816.13931pt
* \oddsidemargin=-65.04256pt
* \evensidemargin=-65.04256pt
* \topmargin=-94.81622pt
* \headheight=12.0pt
* \headsep=25.0pt
* \topskip=10.0pt
* \footskip=30.0pt
* \marginparwidth=57.0pt
* \marginparsep=11.0pt
* \columnsep=10.0pt
* \skip\footins=9.0pt plus 4.0pt minus 2.0pt
* \hoffset=0.0pt
* \voffset=0.0pt
* \mag=1000
* \@twocolumnfalse
* \@twosidefalse
* \@mparswitchfalse
* \@reversemarginfalse
* (1in=72.27pt=25.4mm, 1cm=28.453pt)

Package epstopdf Info: Source file: <Figures/Er_xBLAFM_Ha/H_0_0_0_3D.eps>
(epstopdf)                    date: 2013-10-21 17:53:06
(epstopdf)                    size: 3489655 bytes
(epstopdf)             Output file: <Figures/Er_xBLAFM_Ha/H_0_0_0_3D-eps-conver
ted-to.pdf>
(epstopdf)                    date: 2013-10-21 18:06:18
(epstopdf)                    size: 17436 bytes
(epstopdf)             Command: <epstopdf --outfile=Figures/Er_xBLAFM_Ha/H_0_0_
0_3D-eps-converted-to.pdf Figures/Er_xBLAFM_Ha/H_0_0_0_3D.eps>
(epstopdf)             \includegraphics on input line 22.
Package epstopdf Info: Output file is already uptodate.

<Figures/Er_xBLAFM_Ha/H_0_0_0_3D-eps-converted-to.pdf, id=1, 309.155pt x 320.19
624pt>
File: Figures/Er_xBLAFM_Ha/H_0_0_0_3D-eps-converted-to.pdf Graphic file (type p
df)
 <use Figures/Er_xBLAFM_Ha/H_0_0_0_3D-eps-converted-to.pdf>
Package pdftex.def Info: Figures/Er_xBLAFM_Ha/H_0_0_0_3D-eps-converted-to.pdf u
sed on input line 22.
(pdftex.def)             Requested size: 156.49014pt x 162.08134pt.
Package epstopdf Info: Source file: <Figures/Er_xBLAFM_Hb/H_0_0_0_3D.eps>
(epstopdf)                    date: 2013-10-21 17:54:29
(epstopdf)                    size: 3489655 bytes
(epstopdf)             Output file: <Figures/Er_xBLAFM_Hb/H_0_0_0_3D-eps-conver
ted-to.pdf>
(epstopdf)                    date: 2013-10-21 18:07:19
(epstopdf)                    size: 17436 bytes
(epstopdf)             Command: <epstopdf --outfile=Figures/Er_xBLAFM_Hb/H_0_0_
0_3D-eps-converted-to.pdf Figures/Er_xBLAFM_Hb/H_0_0_0_3D.eps>
(epstopdf)             \includegraphics on input line 23.
Package epstopdf Info: Output file is already uptodate.

<Figures/Er_xBLAFM_Hb/H_0_0_0_3D-eps-converted-to.pdf, id=3, 309.155pt x 320.19
624pt>
File: Figures/Er_xBLAFM_Hb/H_0_0_0_3D-eps-converted-to.pdf Graphic file (type p
df)
 <use Figures/Er_xBLAFM_Hb/H_0_0_0_3D-eps-converted-to.pdf>
Package pdftex.def Info: Figures/Er_xBLAFM_Hb/H_0_0_0_3D-eps-converted-to.pdf u
sed on input line 23.
(pdftex.def)             Requested size: 156.49014pt x 162.08134pt.
Package epstopdf Info: Source file: <Figures/Er_xBLAFM_Hc/H_0_0_0_3D.eps>
(epstopdf)                    date: 2013-10-21 17:49:59
(epstopdf)                    size: 3489655 bytes
(epstopdf)             Output file: <Figures/Er_xBLAFM_Hc/H_0_0_0_3D-eps-conver
ted-to.pdf>
(epstopdf)                    date: 2013-10-21 18:07:21
(epstopdf)                    size: 17436 bytes
(epstopdf)             Command: <epstopdf --outfile=Figures/Er_xBLAFM_Hc/H_0_0_
0_3D-eps-converted-to.pdf Figures/Er_xBLAFM_Hc/H_0_0_0_3D.eps>
(epstopdf)             \includegraphics on input line 24.
Package epstopdf Info: Output file is already uptodate.

<Figures/Er_xBLAFM_Hc/H_0_0_0_3D-eps-converted-to.pdf, id=5, 309.155pt x 320.19
624pt>
File: Figures/Er_xBLAFM_Hc/H_0_0_0_3D-eps-converted-to.pdf Graphic file (type p
df)
 <use Figures/Er_xBLAFM_Hc/H_0_0_0_3D-eps-converted-to.pdf>
Package pdftex.def Info: Figures/Er_xBLAFM_Hc/H_0_0_0_3D-eps-converted-to.pdf u
sed on input line 24.
(pdftex.def)             Requested size: 156.49014pt x 162.08134pt.
Package epstopdf Info: Source file: <Figures/Er_xBLAFM_Ha/H_50_0_0_3D.eps>
(epstopdf)                    date: 2013-10-21 17:53:13
(epstopdf)                    size: 3489656 bytes
(epstopdf)             Output file: <Figures/Er_xBLAFM_Ha/H_50_0_0_3D-eps-conve
rted-to.pdf>
(epstopdf)                    date: 2013-10-21 18:14:50
(epstopdf)                    size: 17540 bytes
(epstopdf)             Command: <epstopdf --outfile=Figures/Er_xBLAFM_Ha/H_50_0
_0_3D-eps-converted-to.pdf Figures/Er_xBLAFM_Ha/H_50_0_0_3D.eps>
(epstopdf)             \includegraphics on input line 26.
Package epstopdf Info: Output file is already uptodate.

<Figures/Er_xBLAFM_Ha/H_50_0_0_3D-eps-converted-to.pdf, id=7, 311.1625pt x 320.
19624pt>
File: Figures/Er_xBLAFM_Ha/H_50_0_0_3D-eps-converted-to.pdf Graphic file (type 
pdf)
 <use Figures/Er_xBLAFM_Ha/H_50_0_0_3D-eps-converted-to.pdf>
Package pdftex.def Info: Figures/Er_xBLAFM_Ha/H_50_0_0_3D-eps-converted-to.pdf 
used on input line 26.
(pdftex.def)             Requested size: 156.49014pt x 161.0358pt.
Package epstopdf Info: Source file: <Figures/Er_xBLAFM_Hb/H_0_100_0_3D.eps>
(epstopdf)                    date: 2013-10-21 17:54:36
(epstopdf)                    size: 3489657 bytes
(epstopdf)             Output file: <Figures/Er_xBLAFM_Hb/H_0_100_0_3D-eps-conv
erted-to.pdf>
(epstopdf)                    date: 2013-10-21 18:14:53
(epstopdf)                    size: 18470 bytes
(epstopdf)             Command: <epstopdf --outfile=Figures/Er_xBLAFM_Hb/H_0_10
0_0_3D-eps-converted-to.pdf Figures/Er_xBLAFM_Hb/H_0_100_0_3D.eps>
(epstopdf)             \includegraphics on input line 27.
Package epstopdf Info: Output file is already uptodate.

<Figures/Er_xBLAFM_Hb/H_0_100_0_3D-eps-converted-to.pdf, id=9, 311.1625pt x 320
.19624pt>
File: Figures/Er_xBLAFM_Hb/H_0_100_0_3D-eps-converted-to.pdf Graphic file (type
 pdf)
 <use Figures/Er_xBLAFM_Hb/H_0_100_0_3D-eps-converted-to.pdf>
Package pdftex.def Info: Figures/Er_xBLAFM_Hb/H_0_100_0_3D-eps-converted-to.pdf
 used on input line 27.
(pdftex.def)             Requested size: 156.49014pt x 161.0358pt.
Package epstopdf Info: Source file: <Figures/Er_xBLAFM_Hc/H_0_0_100_3D.eps>
(epstopdf)                    date: 2013-10-21 17:50:06
(epstopdf)                    size: 3489657 bytes
(epstopdf)             Output file: <Figures/Er_xBLAFM_Hc/H_0_0_100_3D-eps-conv
erted-to.pdf>
(epstopdf)                    date: 2013-10-21 18:14:55
(epstopdf)                    size: 17914 bytes
(epstopdf)             Command: <epstopdf --outfile=Figures/Er_xBLAFM_Hc/H_0_0_
100_3D-eps-converted-to.pdf Figures/Er_xBLAFM_Hc/H_0_0_100_3D.eps>
(epstopdf)             \includegraphics on input line 28.
Package epstopdf Info: Output file is already uptodate.

<Figures/Er_xBLAFM_Hc/H_0_0_100_3D-eps-converted-to.pdf, id=11, 311.1625pt x 32
0.19624pt>
File: Figures/Er_xBLAFM_Hc/H_0_0_100_3D-eps-converted-to.pdf Graphic file (type
 pdf)
 <use Figures/Er_xBLAFM_Hc/H_0_0_100_3D-eps-converted-to.pdf>
Package pdftex.def Info: Figures/Er_xBLAFM_Hc/H_0_0_100_3D-eps-converted-to.pdf
 used on input line 28.
(pdftex.def)             Requested size: 156.49014pt x 161.0358pt.
Package epstopdf Info: Source file: <Figures/Er_xBLAFM_Ha/H_100_0_0_3D.eps>
(epstopdf)                    date: 2013-10-21 17:53:20
(epstopdf)                    size: 3489657 bytes
(epstopdf)             Output file: <Figures/Er_xBLAFM_Ha/H_100_0_0_3D-eps-conv
erted-to.pdf>
(epstopdf)                    date: 2013-10-21 18:14:57
(epstopdf)                    size: 18224 bytes
(epstopdf)             Command: <epstopdf --outfile=Figures/Er_xBLAFM_Ha/H_100_
0_0_3D-eps-converted-to.pdf Figures/Er_xBLAFM_Ha/H_100_0_0_3D.eps>
(epstopdf)             \includegraphics on input line 30.
Package epstopdf Info: Output file is already uptodate.

<Figures/Er_xBLAFM_Ha/H_100_0_0_3D-eps-converted-to.pdf, id=13, 311.1625pt x 32
0.19624pt>
File: Figures/Er_xBLAFM_Ha/H_100_0_0_3D-eps-converted-to.pdf Graphic file (type
 pdf)
 <use Figures/Er_xBLAFM_Ha/H_100_0_0_3D-eps-converted-to.pdf>
Package pdftex.def Info: Figures/Er_xBLAFM_Ha/H_100_0_0_3D-eps-converted-to.pdf
 used on input line 30.
(pdftex.def)             Requested size: 156.49014pt x 161.0358pt.
Package epstopdf Info: Source file: <Figures/Er_xBLAFM_Hb/H_0_200_0_3D.eps>
(epstopdf)                    date: 2013-10-21 17:54:42
(epstopdf)                    size: 3489657 bytes
(epstopdf)             Output file: <Figures/Er_xBLAFM_Hb/H_0_200_0_3D-eps-conv
erted-to.pdf>
(epstopdf)                    date: 2013-10-21 18:15:00
(epstopdf)                    size: 18025 bytes
(epstopdf)             Command: <epstopdf --outfile=Figures/Er_xBLAFM_Hb/H_0_20
0_0_3D-eps-converted-to.pdf Figures/Er_xBLAFM_Hb/H_0_200_0_3D.eps>
(epstopdf)             \includegraphics on input line 31.
Package epstopdf Info: Output file is already uptodate.

<Figures/Er_xBLAFM_Hb/H_0_200_0_3D-eps-converted-to.pdf, id=15, 311.1625pt x 32
0.19624pt>
File: Figures/Er_xBLAFM_Hb/H_0_200_0_3D-eps-converted-to.pdf Graphic file (type
 pdf)
 <use Figures/Er_xBLAFM_Hb/H_0_200_0_3D-eps-converted-to.pdf>
Package pdftex.def Info: Figures/Er_xBLAFM_Hb/H_0_200_0_3D-eps-converted-to.pdf
 used on input line 31.
(pdftex.def)             Requested size: 156.49014pt x 161.0358pt.
Package epstopdf Info: Source file: <Figures/Er_xBLAFM_Hc/H_0_0_200_3D.eps>
(epstopdf)                    date: 2013-10-21 17:50:12
(epstopdf)                    size: 3489657 bytes
(epstopdf)             Output file: <Figures/Er_xBLAFM_Hc/H_0_0_200_3D-eps-conv
erted-to.pdf>
(epstopdf)                    date: 2013-10-21 18:15:02
(epstopdf)                    size: 18217 bytes
(epstopdf)             Command: <epstopdf --outfile=Figures/Er_xBLAFM_Hc/H_0_0_
200_3D-eps-converted-to.pdf Figures/Er_xBLAFM_Hc/H_0_0_200_3D.eps>
(epstopdf)             \includegraphics on input line 32.
Package epstopdf Info: Output file is already uptodate.

<Figures/Er_xBLAFM_Hc/H_0_0_200_3D-eps-converted-to.pdf, id=17, 311.1625pt x 32
0.19624pt>
File: Figures/Er_xBLAFM_Hc/H_0_0_200_3D-eps-converted-to.pdf Graphic file (type
 pdf)
 <use Figures/Er_xBLAFM_Hc/H_0_0_200_3D-eps-converted-to.pdf>
Package pdftex.def Info: Figures/Er_xBLAFM_Hc/H_0_0_200_3D-eps-converted-to.pdf
 used on input line 32.
(pdftex.def)             Requested size: 156.49014pt x 161.0358pt.
Package epstopdf Info: Source file: <Figures/Er_xBLAFM_Ha/H_150_0_0_3D.eps>
(epstopdf)                    date: 2013-10-21 17:53:27
(epstopdf)                    size: 3489657 bytes
(epstopdf)             Output file: <Figures/Er_xBLAFM_Ha/H_150_0_0_3D-eps-conv
erted-to.pdf>
(epstopdf)                    date: 2013-10-21 18:15:05
(epstopdf)                    size: 17618 bytes
(epstopdf)             Command: <epstopdf --outfile=Figures/Er_xBLAFM_Ha/H_150_
0_0_3D-eps-converted-to.pdf Figures/Er_xBLAFM_Ha/H_150_0_0_3D.eps>
(epstopdf)             \includegraphics on input line 34.
Package epstopdf Info: Output file is already uptodate.

<Figures/Er_xBLAFM_Ha/H_150_0_0_3D-eps-converted-to.pdf, id=19, 311.1625pt x 32
0.19624pt>
File: Figures/Er_xBLAFM_Ha/H_150_0_0_3D-eps-converted-to.pdf Graphic file (type
 pdf)
 <use Figures/Er_xBLAFM_Ha/H_150_0_0_3D-eps-converted-to.pdf>
Package pdftex.def Info: Figures/Er_xBLAFM_Ha/H_150_0_0_3D-eps-converted-to.pdf
 used on input line 34.
(pdftex.def)             Requested size: 156.49014pt x 161.0358pt.
Package epstopdf Info: Source file: <Figures/Er_xBLAFM_Hb/H_0_300_0_3D.eps>
(epstopdf)                    date: 2013-10-21 17:54:49
(epstopdf)                    size: 3489657 bytes
(epstopdf)             Output file: <Figures/Er_xBLAFM_Hb/H_0_300_0_3D-eps-conv
erted-to.pdf>
(epstopdf)                    date: 2013-10-21 18:15:07
(epstopdf)                    size: 18125 bytes
(epstopdf)             Command: <epstopdf --outfile=Figures/Er_xBLAFM_Hb/H_0_30
0_0_3D-eps-converted-to.pdf Figures/Er_xBLAFM_Hb/H_0_300_0_3D.eps>
(epstopdf)             \includegraphics on input line 35.
Package epstopdf Info: Output file is already uptodate.

<Figures/Er_xBLAFM_Hb/H_0_300_0_3D-eps-converted-to.pdf, id=21, 311.1625pt x 32
0.19624pt>
File: Figures/Er_xBLAFM_Hb/H_0_300_0_3D-eps-converted-to.pdf Graphic file (type
 pdf)
 <use Figures/Er_xBLAFM_Hb/H_0_300_0_3D-eps-converted-to.pdf>
Package pdftex.def Info: Figures/Er_xBLAFM_Hb/H_0_300_0_3D-eps-converted-to.pdf
 used on input line 35.
(pdftex.def)             Requested size: 156.49014pt x 161.0358pt.
Package epstopdf Info: Source file: <Figures/Er_xBLAFM_Hc/H_0_0_400_3D.eps>
(epstopdf)                    date: 2013-10-21 17:50:25
(epstopdf)                    size: 3489657 bytes
(epstopdf)             Output file: <Figures/Er_xBLAFM_Hc/H_0_0_400_3D-eps-conv
erted-to.pdf>
(epstopdf)                    date: 2013-10-21 18:15:16
(epstopdf)                    size: 17768 bytes
(epstopdf)             Command: <epstopdf --outfile=Figures/Er_xBLAFM_Hc/H_0_0_
400_3D-eps-converted-to.pdf Figures/Er_xBLAFM_Hc/H_0_0_400_3D.eps>
(epstopdf)             \includegraphics on input line 36.
Package epstopdf Info: Output file is already uptodate.

<Figures/Er_xBLAFM_Hc/H_0_0_400_3D-eps-converted-to.pdf, id=23, 311.1625pt x 32
0.19624pt>
File: Figures/Er_xBLAFM_Hc/H_0_0_400_3D-eps-converted-to.pdf Graphic file (type
 pdf)
 <use Figures/Er_xBLAFM_Hc/H_0_0_400_3D-eps-converted-to.pdf>
Package pdftex.def Info: Figures/Er_xBLAFM_Hc/H_0_0_400_3D-eps-converted-to.pdf
 used on input line 36.
(pdftex.def)             Requested size: 156.49014pt x 161.0358pt.
Package epstopdf Info: Source file: <Figures/Er_xBLAFM_Ha/H_200_0_0_3D.eps>
(epstopdf)                    date: 2013-10-21 17:53:33
(epstopdf)                    size: 3489657 bytes
(epstopdf)             Output file: <Figures/Er_xBLAFM_Ha/H_200_0_0_3D-eps-conv
erted-to.pdf>
(epstopdf)                    date: 2013-10-21 18:15:11
(epstopdf)                    size: 17655 bytes
(epstopdf)             Command: <epstopdf --outfile=Figures/Er_xBLAFM_Ha/H_200_
0_0_3D-eps-converted-to.pdf Figures/Er_xBLAFM_Ha/H_200_0_0_3D.eps>
(epstopdf)             \includegraphics on input line 38.
Package epstopdf Info: Output file is already uptodate.

<Figures/Er_xBLAFM_Ha/H_200_0_0_3D-eps-converted-to.pdf, id=25, 311.1625pt x 32
0.19624pt>
File: Figures/Er_xBLAFM_Ha/H_200_0_0_3D-eps-converted-to.pdf Graphic file (type
 pdf)
 <use Figures/Er_xBLAFM_Ha/H_200_0_0_3D-eps-converted-to.pdf>
Package pdftex.def Info: Figures/Er_xBLAFM_Ha/H_200_0_0_3D-eps-converted-to.pdf
 used on input line 38.
(pdftex.def)             Requested size: 156.49014pt x 161.0358pt.
Package epstopdf Info: Source file: <Figures/Er_xBLAFM_Hb/H_0_400_0_3D.eps>
(epstopdf)                    date: 2013-10-21 17:54:56
(epstopdf)                    size: 3489657 bytes
(epstopdf)             Output file: <Figures/Er_xBLAFM_Hb/H_0_400_0_3D-eps-conv
erted-to.pdf>
(epstopdf)                    date: 2013-10-21 18:15:14
(epstopdf)                    size: 18097 bytes
(epstopdf)             Command: <epstopdf --outfile=Figures/Er_xBLAFM_Hb/H_0_40
0_0_3D-eps-converted-to.pdf Figures/Er_xBLAFM_Hb/H_0_400_0_3D.eps>
(epstopdf)             \includegraphics on input line 39.
Package epstopdf Info: Output file is already uptodate.

<Figures/Er_xBLAFM_Hb/H_0_400_0_3D-eps-converted-to.pdf, id=27, 311.1625pt x 32
0.19624pt>
File: Figures/Er_xBLAFM_Hb/H_0_400_0_3D-eps-converted-to.pdf Graphic file (type
 pdf)
 <use Figures/Er_xBLAFM_Hb/H_0_400_0_3D-eps-converted-to.pdf>
Package pdftex.def Info: Figures/Er_xBLAFM_Hb/H_0_400_0_3D-eps-converted-to.pdf
 used on input line 39.
(pdftex.def)             Requested size: 156.49014pt x 161.0358pt.
Package epstopdf Info: Source file: <Figures/Er_xBLAFM_Hc/H_0_0_600_3D.eps>
(epstopdf)                    date: 2013-10-21 17:50:39
(epstopdf)                    size: 3489657 bytes
(epstopdf)             Output file: <Figures/Er_xBLAFM_Hc/H_0_0_600_3D-eps-conv
erted-to.pdf>
(epstopdf)                    date: 2013-10-21 18:15:21
(epstopdf)                    size: 15761 bytes
(epstopdf)             Command: <epstopdf --outfile=Figures/Er_xBLAFM_Hc/H_0_0_
600_3D-eps-converted-to.pdf Figures/Er_xBLAFM_Hc/H_0_0_600_3D.eps>
(epstopdf)             \includegraphics on input line 40.
Package epstopdf Info: Output file is already uptodate.

<Figures/Er_xBLAFM_Hc/H_0_0_600_3D-eps-converted-to.pdf, id=29, 311.1625pt x 32
0.19624pt>
File: Figures/Er_xBLAFM_Hc/H_0_0_600_3D-eps-converted-to.pdf Graphic file (type
 pdf)
 <use Figures/Er_xBLAFM_Hc/H_0_0_600_3D-eps-converted-to.pdf>
Package pdftex.def Info: Figures/Er_xBLAFM_Hc/H_0_0_600_3D-eps-converted-to.pdf
 used on input line 40.
(pdftex.def)             Requested size: 156.49014pt x 161.0358pt.


LaTeX Warning: Float too large for page by 13.9741pt on input line 41.

Package epstopdf Info: Source file: <Figures/Er_45d_xyAFM_Ha/H_0_0_0_3D.eps>
(epstopdf)                    date: 2013-10-21 17:59:19
(epstopdf)                    size: 3489655 bytes
(epstopdf)             Output file: <Figures/Er_45d_xyAFM_Ha/H_0_0_0_3D-eps-con
verted-to.pdf>
(epstopdf)                    date: 2013-10-21 18:28:08
(epstopdf)                    size: 17309 bytes
(epstopdf)             Command: <epstopdf --outfile=Figures/Er_45d_xyAFM_Ha/H_0
_0_0_3D-eps-converted-to.pdf Figures/Er_45d_xyAFM_Ha/H_0_0_0_3D.eps>
(epstopdf)             \includegraphics on input line 48.
Package epstopdf Info: Output file is already uptodate.

<Figures/Er_45d_xyAFM_Ha/H_0_0_0_3D-eps-converted-to.pdf, id=31, 309.155pt x 32
0.19624pt>
File: Figures/Er_45d_xyAFM_Ha/H_0_0_0_3D-eps-converted-to.pdf Graphic file (typ
e pdf)
 <use Figures/Er_45d_xyAFM_Ha/H_0_0_0_3D-eps-converted-to.pdf>
Package pdftex.def Info: Figures/Er_45d_xyAFM_Ha/H_0_0_0_3D-eps-converted-to.pd
f used on input line 48.
(pdftex.def)             Requested size: 156.49014pt x 162.08134pt.
Package epstopdf Info: Source file: <Figures/Er_45d_xyAFM_Hb/H_0_0_0_3D.eps>
(epstopdf)                    date: 2013-10-21 17:56:36
(epstopdf)                    size: 3489655 bytes
(epstopdf)             Output file: <Figures/Er_45d_xyAFM_Hb/H_0_0_0_3D-eps-con
verted-to.pdf>
(epstopdf)                    date: 2013-10-21 18:28:10
(epstopdf)                    size: 17309 bytes
(epstopdf)             Command: <epstopdf --outfile=Figures/Er_45d_xyAFM_Hb/H_0
_0_0_3D-eps-converted-to.pdf Figures/Er_45d_xyAFM_Hb/H_0_0_0_3D.eps>
(epstopdf)             \includegraphics on input line 49.
Package epstopdf Info: Output file is already uptodate.

<Figures/Er_45d_xyAFM_Hb/H_0_0_0_3D-eps-converted-to.pdf, id=33, 309.155pt x 32
0.19624pt>
File: Figures/Er_45d_xyAFM_Hb/H_0_0_0_3D-eps-converted-to.pdf Graphic file (typ
e pdf)
 <use Figures/Er_45d_xyAFM_Hb/H_0_0_0_3D-eps-converted-to.pdf>
Package pdftex.def Info: Figures/Er_45d_xyAFM_Hb/H_0_0_0_3D-eps-converted-to.pd
f used on input line 49.
(pdftex.def)             Requested size: 156.49014pt x 162.08134pt.
Package epstopdf Info: Source file: <Figures/Er_45d_xyAFM_Hc/H_0_0_0_3D.eps>
(epstopdf)                    date: 2013-10-21 18:02:02
(epstopdf)                    size: 3489655 bytes
(epstopdf)             Output file: <Figures/Er_45d_xyAFM_Hc/H_0_0_0_3D-eps-con
verted-to.pdf>
(epstopdf)                    date: 2013-10-21 18:28:13
(epstopdf)                    size: 17309 bytes
(epstopdf)             Command: <epstopdf --outfile=Figures/Er_45d_xyAFM_Hc/H_0
_0_0_3D-eps-converted-to.pdf Figures/Er_45d_xyAFM_Hc/H_0_0_0_3D.eps>
(epstopdf)             \includegraphics on input line 50.
Package epstopdf Info: Output file is already uptodate.

<Figures/Er_45d_xyAFM_Hc/H_0_0_0_3D-eps-converted-to.pdf, id=35, 309.155pt x 32
0.19624pt>
File: Figures/Er_45d_xyAFM_Hc/H_0_0_0_3D-eps-converted-to.pdf Graphic file (typ
e pdf)
 <use Figures/Er_45d_xyAFM_Hc/H_0_0_0_3D-eps-converted-to.pdf>
Package pdftex.def Info: Figures/Er_45d_xyAFM_Hc/H_0_0_0_3D-eps-converted-to.pd
f used on input line 50.
(pdftex.def)             Requested size: 156.49014pt x 162.08134pt.
Package epstopdf Info: Source file: <Figures/Er_45d_xyAFM_Ha/H_50_0_0_3D.eps>
(epstopdf)                    date: 2013-10-21 17:59:31
(epstopdf)                    size: 3489656 bytes
(epstopdf)             Output file: <Figures/Er_45d_xyAFM_Ha/H_50_0_0_3D-eps-co
nverted-to.pdf>
(epstopdf)                    date: 2013-10-21 18:28:15
(epstopdf)                    size: 18177 bytes
(epstopdf)             Command: <epstopdf --outfile=Figures/Er_45d_xyAFM_Ha/H_5
0_0_0_3D-eps-converted-to.pdf Figures/Er_45d_xyAFM_Ha/H_50_0_0_3D.eps>
(epstopdf)             \includegraphics on input line 52.
Package epstopdf Info: Output file is already uptodate.

<Figures/Er_45d_xyAFM_Ha/H_50_0_0_3D-eps-converted-to.pdf, id=37, 311.1625pt x 
320.19624pt>
File: Figures/Er_45d_xyAFM_Ha/H_50_0_0_3D-eps-converted-to.pdf Graphic file (ty
pe pdf)
 <use Figures/Er_45d_xyAFM_Ha/H_50_0_0_3D-eps-converted-to.pdf>
Package pdftex.def Info: Figures/Er_45d_xyAFM_Ha/H_50_0_0_3D-eps-converted-to.p
df used on input line 52.
(pdftex.def)             Requested size: 156.49014pt x 161.0358pt.
Package epstopdf Info: Source file: <Figures/Er_45d_xyAFM_Hb/H_0_50_0_3D.eps>
(epstopdf)                    date: 2013-10-21 17:56:48
(epstopdf)                    size: 3489656 bytes
(epstopdf)             Output file: <Figures/Er_45d_xyAFM_Hb/H_0_50_0_3D-eps-co
nverted-to.pdf>
(epstopdf)                    date: 2013-10-21 18:28:17
(epstopdf)                    size: 18195 bytes
(epstopdf)             Command: <epstopdf --outfile=Figures/Er_45d_xyAFM_Hb/H_0
_50_0_3D-eps-converted-to.pdf Figures/Er_45d_xyAFM_Hb/H_0_50_0_3D.eps>
(epstopdf)             \includegraphics on input line 53.
Package epstopdf Info: Output file is already uptodate.

<Figures/Er_45d_xyAFM_Hb/H_0_50_0_3D-eps-converted-to.pdf, id=39, 311.1625pt x 
320.19624pt>
File: Figures/Er_45d_xyAFM_Hb/H_0_50_0_3D-eps-converted-to.pdf Graphic file (ty
pe pdf)
 <use Figures/Er_45d_xyAFM_Hb/H_0_50_0_3D-eps-converted-to.pdf>
Package pdftex.def Info: Figures/Er_45d_xyAFM_Hb/H_0_50_0_3D-eps-converted-to.p
df used on input line 53.
(pdftex.def)             Requested size: 156.49014pt x 161.0358pt.
Package epstopdf Info: Source file: <Figures/Er_45d_xyAFM_Hc/H_0_0_100_3D.eps>
(epstopdf)                    date: 2013-10-21 18:02:08
(epstopdf)                    size: 3489657 bytes
(epstopdf)             Output file: <Figures/Er_45d_xyAFM_Hc/H_0_0_100_3D-eps-c
onverted-to.pdf>
(epstopdf)                    date: 2013-10-21 18:28:20
(epstopdf)                    size: 17781 bytes
(epstopdf)             Command: <epstopdf --outfile=Figures/Er_45d_xyAFM_Hc/H_0
_0_100_3D-eps-converted-to.pdf Figures/Er_45d_xyAFM_Hc/H_0_0_100_3D.eps>
(epstopdf)             \includegraphics on input line 54.
Package epstopdf Info: Output file is already uptodate.

<Figures/Er_45d_xyAFM_Hc/H_0_0_100_3D-eps-converted-to.pdf, id=41, 311.1625pt x
 320.19624pt>
File: Figures/Er_45d_xyAFM_Hc/H_0_0_100_3D-eps-converted-to.pdf Graphic file (t
ype pdf)
 <use Figures/Er_45d_xyAFM_Hc/H_0_0_100_3D-eps-converted-to.pdf>
Package pdftex.def Info: Figures/Er_45d_xyAFM_Hc/H_0_0_100_3D-eps-converted-to.
pdf used on input line 54.
(pdftex.def)             Requested size: 156.49014pt x 161.0358pt.
Package epstopdf Info: Source file: <Figures/Er_45d_xyAFM_Ha/H_150_0_0_3D.eps>
(epstopdf)                    date: 2013-10-21 17:59:46
(epstopdf)                    size: 3489657 bytes
(epstopdf)             Output file: <Figures/Er_45d_xyAFM_Ha/H_150_0_0_3D-eps-c
onverted-to.pdf>
(epstopdf)                    date: 2013-10-21 18:28:29
(epstopdf)                    size: 18316 bytes
(epstopdf)             Command: <epstopdf --outfile=Figures/Er_45d_xyAFM_Ha/H_1
50_0_0_3D-eps-converted-to.pdf Figures/Er_45d_xyAFM_Ha/H_150_0_0_3D.eps>
(epstopdf)             \includegraphics on input line 56.
Package epstopdf Info: Output file is already uptodate.

<Figures/Er_45d_xyAFM_Ha/H_150_0_0_3D-eps-converted-to.pdf, id=43, 311.1625pt x
 320.19624pt>
File: Figures/Er_45d_xyAFM_Ha/H_150_0_0_3D-eps-converted-to.pdf Graphic file (t
ype pdf)
 <use Figures/Er_45d_xyAFM_Ha/H_150_0_0_3D-eps-converted-to.pdf>
Package pdftex.def Info: Figures/Er_45d_xyAFM_Ha/H_150_0_0_3D-eps-converted-to.
pdf used on input line 56.
(pdftex.def)             Requested size: 156.49014pt x 161.0358pt.
Package epstopdf Info: Source file: <Figures/Er_45d_xyAFM_Hb/H_0_150_0_3D.eps>
(epstopdf)                    date: 2013-10-21 17:57:03
(epstopdf)                    size: 3489657 bytes
(epstopdf)             Output file: <Figures/Er_45d_xyAFM_Hb/H_0_150_0_3D-eps-c
onverted-to.pdf>
(epstopdf)                    date: 2013-10-21 18:28:31
(epstopdf)                    size: 18511 bytes
(epstopdf)             Command: <epstopdf --outfile=Figures/Er_45d_xyAFM_Hb/H_0
_150_0_3D-eps-converted-to.pdf Figures/Er_45d_xyAFM_Hb/H_0_150_0_3D.eps>
(epstopdf)             \includegraphics on input line 57.
Package epstopdf Info: Output file is already uptodate.

<Figures/Er_45d_xyAFM_Hb/H_0_150_0_3D-eps-converted-to.pdf, id=45, 311.1625pt x
 320.19624pt>
File: Figures/Er_45d_xyAFM_Hb/H_0_150_0_3D-eps-converted-to.pdf Graphic file (t
ype pdf)
 <use Figures/Er_45d_xyAFM_Hb/H_0_150_0_3D-eps-converted-to.pdf>
Package pdftex.def Info: Figures/Er_45d_xyAFM_Hb/H_0_150_0_3D-eps-converted-to.
pdf used on input line 57.
(pdftex.def)             Requested size: 156.49014pt x 161.0358pt.
Package epstopdf Info: Source file: <Figures/Er_45d_xyAFM_Hc/H_0_0_200_3D.eps>
(epstopdf)                    date: 2013-10-21 18:02:15
(epstopdf)                    size: 3489657 bytes
(epstopdf)             Output file: <Figures/Er_45d_xyAFM_Hc/H_0_0_200_3D-eps-c
onverted-to.pdf>
(epstopdf)                    date: 2013-10-21 18:28:27
(epstopdf)                    size: 17689 bytes
(epstopdf)             Command: <epstopdf --outfile=Figures/Er_45d_xyAFM_Hc/H_0
_0_200_3D-eps-converted-to.pdf Figures/Er_45d_xyAFM_Hc/H_0_0_200_3D.eps>
(epstopdf)             \includegraphics on input line 58.
Package epstopdf Info: Output file is already uptodate.

<Figures/Er_45d_xyAFM_Hc/H_0_0_200_3D-eps-converted-to.pdf, id=47, 311.1625pt x
 320.19624pt>
File: Figures/Er_45d_xyAFM_Hc/H_0_0_200_3D-eps-converted-to.pdf Graphic file (t
ype pdf)
 <use Figures/Er_45d_xyAFM_Hc/H_0_0_200_3D-eps-converted-to.pdf>
Package pdftex.def Info: Figures/Er_45d_xyAFM_Hc/H_0_0_200_3D-eps-converted-to.
pdf used on input line 58.
(pdftex.def)             Requested size: 156.49014pt x 161.0358pt.
Package epstopdf Info: Source file: <Figures/Er_45d_xyAFM_Ha/H_300_0_0_3D.eps>
(epstopdf)                    date: 2013-10-21 18:00:00
(epstopdf)                    size: 3489657 bytes
(epstopdf)             Output file: <Figures/Er_45d_xyAFM_Ha/H_300_0_0_3D-eps-c
onverted-to.pdf>
(epstopdf)                    date: 2013-10-21 18:28:43
(epstopdf)                    size: 18217 bytes
(epstopdf)             Command: <epstopdf --outfile=Figures/Er_45d_xyAFM_Ha/H_3
00_0_0_3D-eps-converted-to.pdf Figures/Er_45d_xyAFM_Ha/H_300_0_0_3D.eps>
(epstopdf)             \includegraphics on input line 60.
Package epstopdf Info: Output file is already uptodate.

<Figures/Er_45d_xyAFM_Ha/H_300_0_0_3D-eps-converted-to.pdf, id=49, 311.1625pt x
 320.19624pt>
File: Figures/Er_45d_xyAFM_Ha/H_300_0_0_3D-eps-converted-to.pdf Graphic file (t
ype pdf)
 <use Figures/Er_45d_xyAFM_Ha/H_300_0_0_3D-eps-converted-to.pdf>
Package pdftex.def Info: Figures/Er_45d_xyAFM_Ha/H_300_0_0_3D-eps-converted-to.
pdf used on input line 60.
(pdftex.def)             Requested size: 156.49014pt x 161.0358pt.
Package epstopdf Info: Source file: <Figures/Er_45d_xyAFM_Hb/H_0_300_0_3D.eps>
(epstopdf)                    date: 2013-10-21 17:57:17
(epstopdf)                    size: 3489657 bytes
(epstopdf)             Output file: <Figures/Er_45d_xyAFM_Hb/H_0_300_0_3D-eps-c
onverted-to.pdf>
(epstopdf)                    date: 2013-10-21 18:28:45
(epstopdf)                    size: 18161 bytes
(epstopdf)             Command: <epstopdf --outfile=Figures/Er_45d_xyAFM_Hb/H_0
_300_0_3D-eps-converted-to.pdf Figures/Er_45d_xyAFM_Hb/H_0_300_0_3D.eps>
(epstopdf)             \includegraphics on input line 61.
Package epstopdf Info: Output file is already uptodate.

<Figures/Er_45d_xyAFM_Hb/H_0_300_0_3D-eps-converted-to.pdf, id=51, 311.1625pt x
 320.19624pt>
File: Figures/Er_45d_xyAFM_Hb/H_0_300_0_3D-eps-converted-to.pdf Graphic file (t
ype pdf)
 <use Figures/Er_45d_xyAFM_Hb/H_0_300_0_3D-eps-converted-to.pdf>
Package pdftex.def Info: Figures/Er_45d_xyAFM_Hb/H_0_300_0_3D-eps-converted-to.
pdf used on input line 61.
(pdftex.def)             Requested size: 156.49014pt x 161.0358pt.
Package epstopdf Info: Source file: <Figures/Er_45d_xyAFM_Hc/H_0_0_400_3D.eps>
(epstopdf)                    date: 2013-10-21 18:02:28
(epstopdf)                    size: 3489657 bytes
(epstopdf)             Output file: <Figures/Er_45d_xyAFM_Hc/H_0_0_400_3D-eps-c
onverted-to.pdf>
(epstopdf)                    date: 2013-10-21 18:28:41
(epstopdf)                    size: 17475 bytes
(epstopdf)             Command: <epstopdf --outfile=Figures/Er_45d_xyAFM_Hc/H_0
_0_400_3D-eps-converted-to.pdf Figures/Er_45d_xyAFM_Hc/H_0_0_400_3D.eps>
(epstopdf)             \includegraphics on input line 62.
Package epstopdf Info: Output file is already uptodate.

<Figures/Er_45d_xyAFM_Hc/H_0_0_400_3D-eps-converted-to.pdf, id=53, 311.1625pt x
 320.19624pt>
File: Figures/Er_45d_xyAFM_Hc/H_0_0_400_3D-eps-converted-to.pdf Graphic file (t
ype pdf)
 <use Figures/Er_45d_xyAFM_Hc/H_0_0_400_3D-eps-converted-to.pdf>
Package pdftex.def Info: Figures/Er_45d_xyAFM_Hc/H_0_0_400_3D-eps-converted-to.
pdf used on input line 62.
(pdftex.def)             Requested size: 156.49014pt x 161.0358pt.
Package epstopdf Info: Source file: <Figures/Er_45d_xyAFM_Ha/H_400_0_0_3D.eps>
(epstopdf)                    date: 2013-10-21 18:00:07
(epstopdf)                    size: 3489657 bytes
(epstopdf)             Output file: <Figures/Er_45d_xyAFM_Ha/H_400_0_0_3D-eps-c
onverted-to.pdf>
(epstopdf)                    date: 2013-10-21 18:28:50
(epstopdf)                    size: 17651 bytes
(epstopdf)             Command: <epstopdf --outfile=Figures/Er_45d_xyAFM_Ha/H_4
00_0_0_3D-eps-converted-to.pdf Figures/Er_45d_xyAFM_Ha/H_400_0_0_3D.eps>
(epstopdf)             \includegraphics on input line 64.
Package epstopdf Info: Output file is already uptodate.

<Figures/Er_45d_xyAFM_Ha/H_400_0_0_3D-eps-converted-to.pdf, id=55, 311.1625pt x
 320.19624pt>
File: Figures/Er_45d_xyAFM_Ha/H_400_0_0_3D-eps-converted-to.pdf Graphic file (t
ype pdf)
 <use Figures/Er_45d_xyAFM_Ha/H_400_0_0_3D-eps-converted-to.pdf>
Package pdftex.def Info: Figures/Er_45d_xyAFM_Ha/H_400_0_0_3D-eps-converted-to.
pdf used on input line 64.
(pdftex.def)             Requested size: 156.49014pt x 161.0358pt.
Package epstopdf Info: Source file: <Figures/Er_45d_xyAFM_Hb/H_0_400_0_3D.eps>
(epstopdf)                    date: 2013-10-21 17:57:24
(epstopdf)                    size: 3489657 bytes
(epstopdf)             Output file: <Figures/Er_45d_xyAFM_Hb/H_0_400_0_3D-eps-c
onverted-to.pdf>
(epstopdf)                    date: 2013-10-21 18:28:52
(epstopdf)                    size: 18098 bytes
(epstopdf)             Command: <epstopdf --outfile=Figures/Er_45d_xyAFM_Hb/H_0
_400_0_3D-eps-converted-to.pdf Figures/Er_45d_xyAFM_Hb/H_0_400_0_3D.eps>
(epstopdf)             \includegraphics on input line 65.
Package epstopdf Info: Output file is already uptodate.

<Figures/Er_45d_xyAFM_Hb/H_0_400_0_3D-eps-converted-to.pdf, id=57, 311.1625pt x
 320.19624pt>
File: Figures/Er_45d_xyAFM_Hb/H_0_400_0_3D-eps-converted-to.pdf Graphic file (t
ype pdf)
 <use Figures/Er_45d_xyAFM_Hb/H_0_400_0_3D-eps-converted-to.pdf>
Package pdftex.def Info: Figures/Er_45d_xyAFM_Hb/H_0_400_0_3D-eps-converted-to.
pdf used on input line 65.
(pdftex.def)             Requested size: 156.49014pt x 161.0358pt.
Package epstopdf Info: Source file: <Figures/Er_45d_xyAFM_Hc/H_0_0_600_3D.eps>
(epstopdf)                    date: 2013-10-21 18:02:42
(epstopdf)                    size: 3489657 bytes
(epstopdf)             Output file: <Figures/Er_45d_xyAFM_Hc/H_0_0_600_3D-eps-c
onverted-to.pdf>
(epstopdf)                    date: 2013-10-21 18:28:55
(epstopdf)                    size: 15758 bytes
(epstopdf)             Command: <epstopdf --outfile=Figures/Er_45d_xyAFM_Hc/H_0
_0_600_3D-eps-converted-to.pdf Figures/Er_45d_xyAFM_Hc/H_0_0_600_3D.eps>
(epstopdf)             \includegraphics on input line 66.
Package epstopdf Info: Output file is already uptodate.

<Figures/Er_45d_xyAFM_Hc/H_0_0_600_3D-eps-converted-to.pdf, id=59, 311.1625pt x
 320.19624pt>
File: Figures/Er_45d_xyAFM_Hc/H_0_0_600_3D-eps-converted-to.pdf Graphic file (t
ype pdf)
 <use Figures/Er_45d_xyAFM_Hc/H_0_0_600_3D-eps-converted-to.pdf>
Package pdftex.def Info: Figures/Er_45d_xyAFM_Hc/H_0_0_600_3D-eps-converted-to.
pdf used on input line 66.
(pdftex.def)             Requested size: 156.49014pt x 161.0358pt.


LaTeX Warning: Float too large for page by 13.9741pt on input line 67.

[1{C:/Users/ikovacev/AppData/Local/MiKTeX/2.9/pdftex/config/pdftex.map} <Z:/sav
e/replacement laptop/ikovacev/Desktop/LiYbF4_MF-calc/Figures/Er_xBLAFM_Ha/H_0_0
_0_3D-eps-converted-to.pdf> <Z:/save/replacement laptop/ikovacev/Desktop/LiYbF4
_MF-calc/Figures/Er_xBLAFM_Hb/H_0_0_0_3D-eps-converted-to.pdf> <Z:/save/replace
ment laptop/ikovacev/Desktop/LiYbF4_MF-calc/Figures/Er_xBLAFM_Hc/H_0_0_0_3D-eps
-converted-to.pdf> <Z:/save/replacement laptop/ikovacev/Desktop/LiYbF4_MF-calc/
Figures/Er_xBLAFM_Ha/H_50_0_0_3D-eps-converted-to.pdf> <Z:/save/replacement lap
top/ikovacev/Desktop/LiYbF4_MF-calc/Figures/Er_xBLAFM_Hb/H_0_100_0_3D-eps-conve
rted-to.pdf> <Z:/save/replacement laptop/ikovacev/Desktop/LiYbF4_MF-calc/Figure
s/Er_xBLAFM_Hc/H_0_0_100_3D-eps-converted-to.pdf> <Z:/save/replacement laptop/i
kovacev/Desktop/LiYbF4_MF-calc/Figures/Er_xBLAFM_Ha/H_100_0_0_3D-eps-converted-
to.pdf> <Z:/save/replacement laptop/ikovacev/Desktop/LiYbF4_MF-calc/Figures/Er_
xBLAFM_Hb/H_0_200_0_3D-eps-converted-to.pdf> <Z:/save/replacement laptop/ikovac
ev/Desktop/LiYbF4_MF-calc/Figures/Er_xBLAFM_Hc/H_0_0_200_3D-eps-converted-to.pd
f> <Z:/save/replacement laptop/ikovacev/Desktop/LiYbF4_MF-calc/Figures/Er_xBLAF
M_Ha/H_150_0_0_3D-eps-converted-to.pdf> <Z:/save/replacement laptop/ikovacev/De
sktop/LiYbF4_MF-calc/Figures/Er_xBLAFM_Hb/H_0_300_0_3D-eps-converted-to.pdf> <Z
:/save/replacement laptop/ikovacev/Desktop/LiYbF4_MF-calc/Figures/Er_xBLAFM_Hc/
H_0_0_400_3D-eps-converted-to.pdf> <Z:/save/replacement laptop/ikovacev/Desktop
/LiYbF4_MF-calc/Figures/Er_xBLAFM_Ha/H_200_0_0_3D-eps-converted-to.pdf> <Z:/sav
e/replacement laptop/ikovacev/Desktop/LiYbF4_MF-calc/Figures/Er_xBLAFM_Hb/H_0_4
00_0_3D-eps-converted-to.pdf> <Z:/save/replacement laptop/ikovacev/Desktop/LiYb
F4_MF-calc/Figures/Er_xBLAFM_Hc/H_0_0_600_3D-eps-converted-to.pdf>] [2 <Z:/save
/replacement laptop/ikovacev/Desktop/LiYbF4_MF-calc/Figures/Er_45d_xyAFM_Ha/H_0
_0_0_3D-eps-converted-to.pdf> <Z:/save/replacement laptop/ikovacev/Desktop/LiYb
F4_MF-calc/Figures/Er_45d_xyAFM_Hb/H_0_0_0_3D-eps-converted-to.pdf> <Z:/save/re
placement laptop/ikovacev/Desktop/LiYbF4_MF-calc/Figures/Er_45d_xyAFM_Hc/H_0_0_
0_3D-eps-converted-to.pdf> <Z:/save/replacement laptop/ikovacev/Desktop/LiYbF4_
MF-calc/Figures/Er_45d_xyAFM_Ha/H_50_0_0_3D-eps-converted-to.pdf> <Z:/save/repl
acement laptop/ikovacev/Desktop/LiYbF4_MF-calc/Figures/Er_45d_xyAFM_Hb/H_0_50_0
_3D-eps-converted-to.pdf> <Z:/save/replacement laptop/ikovacev/Desktop/LiYbF4_M
F-calc/Figures/Er_45d_xyAFM_Hc/H_0_0_100_3D-eps-converted-to.pdf> <Z:/save/repl
acement laptop/ikovacev/Desktop/LiYbF4_MF-calc/Figures/Er_45d_xyAFM_Ha/H_150_0_
0_3D-eps-converted-to.pdf> <Z:/save/replacement laptop/ikovacev/Desktop/LiYbF4_
MF-calc/Figures/Er_45d_xyAFM_Hb/H_0_150_0_3D-eps-converted-to.pdf> <Z:/save/rep
lacement laptop/ikovacev/Desktop/LiYbF4_MF-calc/Figures/Er_45d_xyAFM_Hc/H_0_0_2
00_3D-eps-converted-to.pdf> <Z:/save/replacement laptop/ikovacev/Desktop/LiYbF4
_MF-calc/Figures/Er_45d_xyAFM_Ha/H_300_0_0_3D-eps-converted-to.pdf> <Z:/save/re
placement laptop/ikovacev/Desktop/LiYbF4_MF-calc/Figures/Er_45d_xyAFM_Hb/H_0_30
0_0_3D-eps-converted-to.pdf> <Z:/save/replacement laptop/ikovacev/Desktop/LiYbF
4_MF-calc/Figures/Er_45d_xyAFM_Hc/H_0_0_400_3D-eps-converted-to.pdf> <Z:/save/r
eplacement laptop/ikovacev/Desktop/LiYbF4_MF-calc/Figures/Er_45d_xyAFM_Ha/H_400
_0_0_3D-eps-converted-to.pdf> <Z:/save/replacement laptop/ikovacev/Desktop/LiYb
F4_MF-calc/Figures/Er_45d_xyAFM_Hb/H_0_400_0_3D-eps-converted-to.pdf> <Z:/save/
replacement laptop/ikovacev/Desktop/LiYbF4_MF-calc/Figures/Er_45d_xyAFM_Hc/H_0_
0_600_3D-eps-converted-to.pdf>]
("Z:\save\replacement laptop\ikovacev\Desktop\LiYbF4_MF-calc\summary.aux") ) 
Here is how much of TeX's memory you used:
 3537 strings out of 493921
 53721 string characters out of 3144866
 111933 words of memory out of 3000000
 6791 multiletter control sequences out of 15000+200000
 3640 words of font info for 14 fonts, out of 3000000 for 9000
 841 hyphenation exceptions out of 8191
 36i,6n,26p,388b,243s stack positions out of 5000i,500n,10000p,200000b,50000s
<C:
/Program Files (x86)/MiKTeX 2.9/fonts/type1/public/amsfonts/cm/cmr10.pfb>
Output written on summary.pdf (2 pages, 506402 bytes).
PDF statistics:
 283 PDF objects out of 1000 (max. 8388607)
 0 named destinations out of 1000 (max. 500000)
 331 words of extra memory for PDF output out of 10000 (max. 10000000)

