#
# A fatal error has been detected by the Java Runtime Environment:
#
#  EXCEPTION_ACCESS_VIOLATION (0xc0000005) at pc=0x000000000e1fc750, pid=9968, tid=6088
#
# JRE version: 6.0_17-b04
# Java VM: Java HotSpot(TM) 64-Bit Server VM (14.3-b01 mixed mode windows-amd64 )
# Problematic frame:
# C  0x000000000e1fc750
#
# If you would like to submit a bug report, please visit:
#   http://java.sun.com/webapps/bugreport/crash.jsp
# The crash happened outside the Java Virtual Machine in native code.
# See problematic frame for where to report the bug.
#

---------------  T H R E A D  ---------------

Current thread (0x000000000f51e000):  JavaThread "AWT-EventQueue-0" [_thread_in_native, id=6088, stack(0x0000000040950000,0x00000000409d0000)]

siginfo: ExceptionCode=0xc0000005, reading address 0x0000000000000008

Registers:
EAX=0x000000000000000d, EBX=0x000000000f51e1b8, ECX=0x0000000000000000, EDX=0xffffffffe501232b
ESP=0x00000000409ce428, EBP=0x00000000642768c0, ESI=0x000000000f51e1b8, EDI=0x000000000fe480c0
EIP=0x000000000e1fc750, EFLAGS=0x0000000000010202

Top of Stack: (sp=0x00000000409ce428)
0x00000000409ce428:   000000000e1a589c 0000000000000000
0x00000000409ce438:   000000000f51e1b8 00000000642768c0
0x00000000409ce448:   000000000f51e1b8 00000000fff0f0f0
0x00000000409ce458:   000000000f51e1b8 00000000409ce990
0x00000000409ce468:   000000000e183810 000000000f51e1b8
0x00000000409ce478:   00000000409ceb48 00000000409cebc0
0x00000000409ce488:   00000000642768c0 00000000344f65a0
0x00000000409ce498:   000000000e1a2151 0000000000000000
0x00000000409ce4a8:   00000000409cebb8 000000003d49d8b0
0x00000000409ce4b8:   00000000409cebc0 000000000000001c
0x00000000409ce4c8:   0000000035121d58 000000003517f820
0x00000000409ce4d8:   0000000000000001 0000000035121d58
0x00000000409ce4e8:   0000000029e993a0 0000000029e98c74
0x00000000409ce4f8:   0000000035121d58 0000000000000000
0x00000000409ce508:   000000003e3b24d0 0000000000000001
0x00000000409ce518:   0000000100000000 0000000000000000 

Instructions: (pc=0x000000000e1fc750)
0x000000000e1fc740:   48 8b 41 08 48 8b 80 18 0c 00 00 c3 cc cc cc cc
0x000000000e1fc750:   48 8b 49 08 48 85 c9 74 05 e9 72 f6 fd ff 33 c0 


Stack: [0x0000000040950000,0x00000000409d0000],  sp=0x00000000409ce428,  free space=505k
Native frames: (J=compiled Java code, j=interpreted, Vv=VM code, C=native code)
C  0x000000000e1fc750

Java frames: (J=compiled Java code, j=interpreted, Vv=VM code)
j  sun.java2d.windows.GDIBlitLoops.nativeBlit(Lsun/java2d/SurfaceData;Lsun/java2d/SurfaceData;Lsun/java2d/pipe/Region;IIIIIIIIIZ)V+0
j  sun.java2d.windows.GDIBlitLoops.Blit(Lsun/java2d/SurfaceData;Lsun/java2d/SurfaceData;Ljava/awt/Composite;Lsun/java2d/pipe/Region;IIIIII)V+33
J  sun.java2d.pipe.DrawImage.copyImage(Lsun/java2d/SunGraphics2D;Ljava/awt/Image;IILjava/awt/Color;Ljava/awt/image/ImageObserver;)Z
J  sun.java2d.SunGraphics2D.drawImage(Ljava/awt/Image;IILjava/awt/Color;Ljava/awt/image/ImageObserver;)Z
J  javax.swing.RepaintManager$PaintManager.paintDoubleBuffered(Ljavax/swing/JComponent;Ljava/awt/Image;Ljava/awt/Graphics;IIII)V
J  javax.swing.RepaintManager$PaintManager.paint(Ljavax/swing/JComponent;Ljavax/swing/JComponent;Ljava/awt/Graphics;IIII)Z
j  javax.swing.BufferStrategyPaintManager.paint(Ljavax/swing/JComponent;Ljavax/swing/JComponent;Ljava/awt/Graphics;IIII)Z+224
J  javax.swing.JComponent.paint(Ljava/awt/Graphics;)V
j  java.awt.GraphicsCallback$PaintCallback.run(Ljava/awt/Component;Ljava/awt/Graphics;)V+2
j  sun.awt.SunGraphicsCallback.runOneComponent(Ljava/awt/Component;Ljava/awt/Rectangle;Ljava/awt/Graphics;Ljava/awt/Shape;I)V+155
j  sun.awt.SunGraphicsCallback.runComponents([Ljava/awt/Component;Ljava/awt/Graphics;I)V+104
j  java.awt.Container.paint(Ljava/awt/Graphics;)V+73
J  javax.swing.RepaintManager.paintDirtyRegions(Ljava/util/Map;)V
j  javax.swing.RepaintManager.paintDirtyRegions()V+46
j  javax.swing.RepaintManager.seqPaintDirtyRegions()V+73
j  javax.swing.SystemEventQueueUtilities$ComponentWorkRequest.run()V+36
J  java.awt.event.InvocationEvent.dispatch()V
J  java.awt.EventDispatchThread.pumpOneEventForFilters(I)Z
J  java.awt.EventDispatchThread.pumpEventsForFilter(ILjava/awt/Conditional;Ljava/awt/EventFilter;)V
j  java.awt.EventDispatchThread.pumpEventsForHierarchy(ILjava/awt/Conditional;Ljava/awt/Component;)V+11
j  java.awt.EventDispatchThread.pumpEvents(ILjava/awt/Conditional;)V+4
j  java.awt.EventDispatchThread.pumpEvents(Ljava/awt/Conditional;)V+3
j  java.awt.EventDispatchThread.run()V+9
v  ~StubRoutines::call_stub

---------------  P R O C E S S  ---------------

Java Threads: ( => current thread )
  0x000000000e3ec800 JavaThread "Image Fetcher 0" daemon [_thread_blocked, id=21660, stack(0x0000000063220000,0x00000000632a0000)]
  0x000000000e3ea800 JavaThread "Code Analyzer updating thread" [_thread_blocked, id=20008, stack(0x00000000274a0000,0x0000000027520000)]
  0x000000000e3ec000 JavaThread "pool-6-thread-1" [_thread_blocked, id=20136, stack(0x0000000027420000,0x00000000274a0000)]
  0x000000000e3e9000 JavaThread "Timer-5" [_thread_blocked, id=15236, stack(0x0000000027760000,0x00000000277e0000)]
  0x000000000f671800 JavaThread "Prefs Updater" daemon [_thread_blocked, id=1528, stack(0x0000000027610000,0x0000000027690000)]
  0x000000000f678000 JavaThread "pool-8-thread-1" [_thread_blocked, id=13864, stack(0x00000000276b0000,0x0000000027730000)]
  0x000000000f899800 JavaThread "Timer queue for AWT thread" daemon [_thread_blocked, id=5324, stack(0x0000000027540000,0x00000000275c0000)]
  0x000000000f899000 JavaThread "Foxtrot Single Worker Thread #1" daemon [_thread_blocked, id=8880, stack(0x0000000025940000,0x00000000259c0000)]
  0x000000000f898000 JavaThread "Code Analyzer updating thread" [_thread_blocked, id=5040, stack(0x000000006bcb0000,0x000000006bd30000)]
  0x000000000f897800 JavaThread "Code Analyzer updating thread" [_thread_blocked, id=4016, stack(0x000000006b9b0000,0x000000006ba30000)]
  0x000000000f897000 JavaThread "Code Analyzer updating thread" [_thread_blocked, id=10592, stack(0x000000006bec0000,0x000000006bf40000)]
  0x000000000f896000 JavaThread "Code Analyzer updating thread" [_thread_blocked, id=11672, stack(0x00000000658b0000,0x0000000065930000)]
  0x000000000f784000 JavaThread "Code Analyzer updating thread" [_thread_blocked, id=11088, stack(0x000000006bdb0000,0x000000006be30000)]
  0x000000000f783000 JavaThread "Code Analyzer updating thread" [_thread_blocked, id=964, stack(0x000000006b420000,0x000000006b4a0000)]
  0x000000000f782800 JavaThread "Code Analyzer updating thread" [_thread_blocked, id=3932, stack(0x000000006bc20000,0x000000006bca0000)]
  0x000000000f782000 JavaThread "Code Analyzer updating thread" [_thread_blocked, id=9516, stack(0x000000006bae0000,0x000000006bb60000)]
  0x000000000f781000 JavaThread "Code Analyzer updating thread" [_thread_blocked, id=11924, stack(0x000000006ba30000,0x000000006bab0000)]
  0x000000000f780800 JavaThread "Code Analyzer updating thread" [_thread_blocked, id=10128, stack(0x000000006b8a0000,0x000000006b920000)]
  0x000000000f77f800 JavaThread "Code Analyzer updating thread" [_thread_blocked, id=8840, stack(0x000000006b930000,0x000000006b9b0000)]
  0x000000000f77f000 JavaThread "Code Analyzer updating thread" [_thread_blocked, id=10544, stack(0x000000006b7d0000,0x000000006b850000)]
  0x000000000f77e000 JavaThread "Code Analyzer updating thread" [_thread_blocked, id=12512, stack(0x000000006b6d0000,0x000000006b750000)]
  0x000000000f77d800 JavaThread "Code Analyzer updating thread" [_thread_blocked, id=8092, stack(0x000000006b5f0000,0x000000006b670000)]
  0x000000000f77c800 JavaThread "Code Analyzer updating thread" [_thread_blocked, id=7532, stack(0x000000006b4e0000,0x000000006b560000)]
  0x00000000646ca000 JavaThread "Code Analyzer updating thread" [_thread_blocked, id=11988, stack(0x0000000068eb0000,0x0000000068f30000)]
  0x00000000646c9800 JavaThread "Code Analyzer updating thread" [_thread_blocked, id=11560, stack(0x0000000068d70000,0x0000000068df0000)]
  0x00000000646c8800 JavaThread "Code Analyzer updating thread" [_thread_blocked, id=6308, stack(0x0000000068cf0000,0x0000000068d70000)]
  0x00000000646c8000 JavaThread "Code Analyzer updating thread" [_thread_blocked, id=11320, stack(0x0000000068e10000,0x0000000068e90000)]
  0x00000000646c7000 JavaThread "Code Analyzer updating thread" [_thread_blocked, id=12880, stack(0x0000000068c20000,0x0000000068ca0000)]
  0x00000000646c6800 JavaThread "Code Analyzer updating thread" [_thread_blocked, id=3496, stack(0x00000000689f0000,0x0000000068a70000)]
  0x00000000646c6000 JavaThread "Code Analyzer updating thread" [_thread_blocked, id=12264, stack(0x00000000685a0000,0x0000000068620000)]
  0x00000000646c5000 JavaThread "Code Analyzer updating thread" [_thread_blocked, id=13048, stack(0x0000000068a70000,0x0000000068af0000)]
  0x00000000646c4800 JavaThread "Code Analyzer updating thread" [_thread_blocked, id=10448, stack(0x0000000068b10000,0x0000000068b90000)]
  0x00000000646c3800 JavaThread "Code Analyzer updating thread" [_thread_blocked, id=12808, stack(0x0000000068930000,0x00000000689b0000)]
  0x00000000646c3000 JavaThread "Code Analyzer updating thread" [_thread_blocked, id=12324, stack(0x0000000065b10000,0x0000000065b90000)]
  0x000000000f680000 JavaThread "Code Analyzer updating thread" [_thread_blocked, id=12672, stack(0x00000000686d0000,0x0000000068750000)]
  0x000000000f67f800 JavaThread "Code Analyzer updating thread" [_thread_blocked, id=10704, stack(0x00000000688b0000,0x0000000068930000)]
  0x000000000f67e800 JavaThread "Code Analyzer updating thread" [_thread_blocked, id=12636, stack(0x00000000687c0000,0x0000000068840000)]
  0x000000000f67e000 JavaThread "Code Analyzer updating thread" [_thread_blocked, id=7872, stack(0x00000000657b0000,0x0000000065830000)]
  0x000000000f67d000 JavaThread "Code Analyzer updating thread" [_thread_blocked, id=13080, stack(0x0000000065bc0000,0x0000000065c40000)]
  0x000000000f67c800 JavaThread "Code Analyzer updating thread" [_thread_blocked, id=12000, stack(0x0000000068640000,0x00000000686c0000)]
  0x000000000f67b800 JavaThread "Code Analyzer updating thread" [_thread_blocked, id=13160, stack(0x0000000065950000,0x00000000659d0000)]
  0x000000000f67b000 JavaThread "Code Analyzer updating thread" [_thread_blocked, id=9060, stack(0x0000000061070000,0x00000000610f0000)]
  0x000000000f67a800 JavaThread "Code Analyzer updating thread" [_thread_blocked, id=10964, stack(0x00000000659d0000,0x0000000065a50000)]
  0x000000000f679800 JavaThread "Code Analyzer updating thread" [_thread_blocked, id=11928, stack(0x0000000065a70000,0x0000000065af0000)]
  0x000000000f679000 JavaThread "Code Analyzer updating thread" [_thread_blocked, id=7092, stack(0x0000000065560000,0x00000000655e0000)]
  0x000000000f677800 JavaThread "Code Analyzer updating thread" [_thread_blocked, id=9304, stack(0x0000000065830000,0x00000000658b0000)]
  0x000000000f676800 JavaThread "Code Analyzer updating thread" [_thread_blocked, id=13240, stack(0x0000000065710000,0x0000000065790000)]
  0x000000000f676000 JavaThread "Timer-3" [_thread_blocked, id=11916, stack(0x0000000065330000,0x00000000653b0000)]
  0x000000000f674800 JavaThread "Code Analyzer updating thread" [_thread_blocked, id=13020, stack(0x00000000651b0000,0x0000000065230000)]
  0x000000000f674000 JavaThread "Active Reference Queue Daemon" daemon [_thread_blocked, id=3916, stack(0x00000000633e0000,0x0000000063460000)]
  0x000000000f673000 JavaThread "Timer-2" daemon [_thread_blocked, id=9916, stack(0x0000000063180000,0x0000000063200000)]
  0x000000000f672800 JavaThread "Timer-1" daemon [_thread_blocked, id=1384, stack(0x0000000063100000,0x0000000063180000)]
  0x000000000f671000 JavaThread "TimerQueue" daemon [_thread_blocked, id=11056, stack(0x00000000614f0000,0x0000000061570000)]
  0x000000000f45f800 JavaThread "FelixPackageAdmin" daemon [_thread_blocked, id=3244, stack(0x00000000610f0000,0x0000000061170000)]
  0x000000000f785800 JavaThread "FelixStartLevel" daemon [_thread_blocked, id=13016, stack(0x0000000054d20000,0x0000000054da0000)]
  0x000000000f784800 JavaThread "FelixDispatchQueue" daemon [_thread_blocked, id=2764, stack(0x0000000054c90000,0x0000000054d10000)]
=>0x000000000f51e000 JavaThread "AWT-EventQueue-0" [_thread_in_native, id=6088, stack(0x0000000040950000,0x00000000409d0000)]
  0x000000000f245800 JavaThread "com.google.common.base.internal.Finalizer" daemon [_thread_blocked, id=1480, stack(0x0000000025460000,0x00000000254e0000)]
  0x000000000f61b000 JavaThread "AWT-Shutdown" [_thread_blocked, id=3256, stack(0x0000000044ab0000,0x0000000044b30000)]
  0x000000000f562800 JavaThread "AWT-Windows" daemon [_thread_in_native, id=13220, stack(0x0000000010e80000,0x0000000010f00000)]
  0x000000000f4bf000 JavaThread "Java2D Disposer" daemon [_thread_blocked, id=11036, stack(0x00000000253c0000,0x0000000025440000)]
  0x000000000ef2a000 JavaThread "Timer-0" [_thread_blocked, id=10536, stack(0x000000000ff80000,0x0000000010000000)]
  0x000000000eec3800 JavaThread "EventMgr Dispatcher" daemon [_thread_in_native, id=11332, stack(0x0000000011040000,0x0000000015040000)]
  0x000000000dd51800 JavaThread "Low Memory Detector" daemon [_thread_blocked, id=12488, stack(0x000000000df40000,0x000000000dfc0000)]
  0x000000000dd4e000 JavaThread "CompilerThread1" daemon [_thread_blocked, id=8516, stack(0x0000000058eb0000,0x000000005ceb0000)]
  0x000000000dd43000 JavaThread "CompilerThread0" daemon [_thread_blocked, id=5848, stack(0x0000000054e80000,0x0000000058e80000)]
  0x000000000dd41800 JavaThread "Attach Listener" daemon [_thread_blocked, id=4192, stack(0x000000000e000000,0x000000000e080000)]
  0x000000000dce4000 JavaThread "Finalizer" daemon [_thread_blocked, id=12928, stack(0x000000000e0a0000,0x000000000e120000)]
  0x000000000dce3800 JavaThread "Reference Handler" daemon [_thread_blocked, id=13004, stack(0x000000000de90000,0x000000000df10000)]
  0x000000000554f000 JavaThread "main" [_thread_in_native, id=11780, stack(0x0000000000090000,0x0000000004090000)]

Other Threads:
  0x000000000dce0800 VMThread [stack: 0x0000000050c90000,0x0000000054c90000] [id=3944]
  0x000000000dd85800 WatcherThread [stack: 0x000000005d070000,0x0000000061070000] [id=9480]

VM state:not at safepoint (normal execution)

VM Mutex/Monitor currently owned by a thread: None

Heap
 PSYoungGen      total 44928K, used 12412K [0x000000003d7e0000, 0x0000000040880000, 0x00000000408e0000)
  eden space 40128K, 30% used [0x000000003d7e0000,0x000000003e3ff300,0x000000003ff10000)
  from space 4800K, 0% used [0x000000003ff10000,0x000000003ff10000,0x00000000403c0000)
  to   space 4608K, 0% used [0x0000000040400000,0x0000000040400000,0x0000000040880000)
 PSOldGen        total 150528K, used 147231K [0x00000000344e0000, 0x000000003d7e0000, 0x000000003d7e0000)
  object space 150528K, 97% used [0x00000000344e0000,0x000000003d4a7ca8,0x000000003d7e0000)
 PSPermGen       total 105088K, used 71769K [0x000000002c4e0000, 0x0000000032b80000, 0x00000000344e0000)
  object space 105088K, 68% used [0x000000002c4e0000,0x0000000030af65a0,0x0000000032b80000)

Dynamic libraries:
0x000000013fdf0000 - 0x000000013fe22000 	C:\Program Files\MATLAB\R2012a\bin\win64\MATLAB.exe
0x0000000077c70000 - 0x0000000077e19000 	C:\Windows\SYSTEM32\ntdll.dll
0x00000000776e0000 - 0x00000000777ff000 	C:\Windows\system32\kernel32.dll
0x000007fefe2c0000 - 0x000007fefe32b000 	C:\Windows\system32\KERNELBASE.dll
0x0000000074460000 - 0x0000000074554000 	C:\Program Files\MATLAB\R2012a\bin\win64\libut.dll
0x00000000758a0000 - 0x0000000075952000 	C:\Program Files\MATLAB\R2012a\bin\win64\libmwi18n.dll
0x0000000180000000 - 0x000000018000b000 	C:\Program Files\MATLAB\R2012a\bin\win64\libmwresource_core.dll
0x0000000072cb0000 - 0x0000000072d83000 	C:\Windows\WinSxS\amd64_microsoft.vc90.crt_1fc8b3b9a1e18e3b_9.0.30729.6161_none_08e61857a83bc251\MSVCP90.dll
0x0000000075390000 - 0x0000000075433000 	C:\Windows\WinSxS\amd64_microsoft.vc90.crt_1fc8b3b9a1e18e3b_9.0.30729.6161_none_08e61857a83bc251\MSVCR90.dll
0x000000007a170000 - 0x000000007a19c000 	C:\Program Files\MATLAB\R2012a\bin\win64\boost_filesystem-vc90-mt-1_44.dll
0x000000007a560000 - 0x000000007a569000 	C:\Program Files\MATLAB\R2012a\bin\win64\boost_system-vc90-mt-1_44.dll
0x000007feffb80000 - 0x000007feffc5b000 	C:\Windows\system32\ADVAPI32.dll
0x000007fefe4d0000 - 0x000007fefe56f000 	C:\Windows\system32\msvcrt.dll
0x000007fefe7f0000 - 0x000007fefe80f000 	C:\Windows\SYSTEM32\sechost.dll
0x000007fefe810000 - 0x000007fefe93d000 	C:\Windows\system32\RPCRT4.dll
0x000000007a010000 - 0x000000007a035000 	C:\Program Files\MATLAB\R2012a\bin\win64\LIBEXPAT.dll
0x000000006d5b0000 - 0x000000006d7a1000 	C:\Program Files\MATLAB\R2012a\bin\win64\icuin44.dll
0x000000006d430000 - 0x000000006d5a1000 	C:\Program Files\MATLAB\R2012a\bin\win64\icuuc44.dll
0x0000000010000000 - 0x0000000010e41000 	C:\Program Files\MATLAB\R2012a\bin\win64\icudt44.dll
0x0000000073f70000 - 0x00000000740ad000 	C:\Program Files\MATLAB\R2012a\bin\win64\libmwfl.dll
0x0000000004250000 - 0x0000000004546000 	C:\Program Files\MATLAB\R2012a\bin\win64\libmwMATLAB_res.dll
0x000000007a3b0000 - 0x000000007a3c0000 	C:\Program Files\MATLAB\R2012a\bin\win64\boost_date_time-vc90-mt-1_44.dll
0x000000007a250000 - 0x000000007a263000 	C:\Program Files\MATLAB\R2012a\bin\win64\boost_signals-vc90-mt-1_44.dll
0x000000007a2d0000 - 0x000000007a2e2000 	C:\Program Files\MATLAB\R2012a\bin\win64\boost_thread-vc90-mt-1_44.dll
0x0000000004590000 - 0x00000000045d6000 	C:\Program Files\MATLAB\R2012a\bin\win64\tbb.dll
0x000007feffe70000 - 0x000007feffe89000 	C:\Windows\system32\imagehlp.dll
0x0000000077e40000 - 0x0000000077e47000 	C:\Windows\system32\PSAPI.DLL
0x0000000071e20000 - 0x0000000071e33000 	C:\Program Files\MATLAB\R2012a\bin\win64\icuio44.dll
0x000007fefbc20000 - 0x000007fefbd45000 	C:\Windows\system32\dbghelp.dll
0x0000000077b70000 - 0x0000000077c6a000 	C:\Windows\system32\USER32.dll
0x000007fefe940000 - 0x000007fefe9a7000 	C:\Windows\system32\GDI32.dll
0x000007fefff70000 - 0x000007fefff7e000 	C:\Windows\system32\LPK.dll
0x000007feffe90000 - 0x000007fefff59000 	C:\Windows\system32\USP10.dll
0x000000007bed0000 - 0x000000007c183000 	C:\Program Files\MATLAB\R2012a\bin\win64\libmwservices.dll
0x0000000075a20000 - 0x0000000075ae2000 	C:\Program Files\MATLAB\R2012a\bin\win64\libmx.dll
0x000000007a210000 - 0x000000007a228000 	C:\Program Files\MATLAB\R2012a\bin\win64\zlib1.dll
0x0000000004630000 - 0x0000000004651000 	C:\Program Files\MATLAB\R2012a\bin\win64\libmwmfl_scalar.dll
0x0000000075f10000 - 0x0000000075f5d000 	C:\Program Files\MATLAB\R2012a\bin\win64\mpath.dll
0x000000007b680000 - 0x000000007bbe1000 	C:\Program Files\MATLAB\R2012a\bin\win64\mlutil.dll
0x000000006e570000 - 0x000000006e5ef000 	C:\Program Files\MATLAB\R2012a\bin\win64\xmlcore.dll
0x000000007bc30000 - 0x000000007be83000 	C:\Program Files\MATLAB\R2012a\bin\win64\xerces-c_2_7.dll
0x000007fefebf0000 - 0x000007fefec3d000 	C:\Windows\system32\WS2_32.dll
0x000007fefff60000 - 0x000007fefff68000 	C:\Windows\system32\NSI.dll
0x00000000046b0000 - 0x00000000046ca000 	C:\Program Files\MATLAB\R2012a\bin\win64\libmwMATLAB_settings_res.dll
0x00000000046e0000 - 0x0000000004727000 	C:\Program Files\MATLAB\R2012a\bin\win64\boost_serialization-vc90-mt-1_44.dll
0x000007fefec40000 - 0x000007feff9c8000 	C:\Windows\system32\SHELL32.dll
0x000007fefe9b0000 - 0x000007fefea21000 	C:\Windows\system32\SHLWAPI.dll
0x000007fef9f60000 - 0x000007fefa000000 	C:\Windows\WinSxS\amd64_microsoft.windows.common-controls_6595b64144ccf1df_5.82.7601.17514_none_a4d6a923711520a9\COMCTL32.dll
0x000007feffae0000 - 0x000007feffb77000 	C:\Windows\system32\COMDLG32.dll
0x000007fefd5a0000 - 0x000007fefd5b6000 	C:\Windows\system32\NETAPI32.dll
0x000007fefd860000 - 0x000007fefd86c000 	C:\Windows\system32\netutils.dll
0x000007fefdbb0000 - 0x000007fefdbd3000 	C:\Windows\system32\srvcli.dll
0x000007fefd2f0000 - 0x000007fefd305000 	C:\Windows\system32\wkscli.dll
0x000007feffc60000 - 0x000007feffe63000 	C:\Windows\system32\ole32.dll
0x000007fefea30000 - 0x000007fefeb07000 	C:\Windows\system32\OLEAUT32.dll
0x0000000074970000 - 0x0000000074b06000 	C:\Program Files\MATLAB\R2012a\bin\win64\mcr.dll
0x0000000075000000 - 0x000000007536b000 	C:\Program Files\MATLAB\R2012a\bin\win64\iqm.dll
0x0000000063970000 - 0x0000000064191000 	C:\Program Files\MATLAB\R2012a\bin\win64\m_interpreter.dll
0x0000000071df0000 - 0x0000000071e15000 	C:\Program Files\MATLAB\R2012a\bin\win64\libmex.dll
0x000000006dc40000 - 0x000000006dcf3000 	C:\Program Files\MATLAB\R2012a\bin\win64\m_dispatcher.dll
0x0000000074880000 - 0x000000007496d000 	C:\Program Files\MATLAB\R2012a\bin\win64\boost_regex-vc90-mt-1_44.dll
0x0000000070520000 - 0x00000000705a4000 	C:\Program Files\MATLAB\R2012a\bin\win64\profiler.dll
0x00000000047b0000 - 0x0000000004a05000 	C:\Program Files\MATLAB\R2012a\bin\win64\libmwmathutil.dll
0x0000000079f40000 - 0x0000000079f6d000 	C:\Program Files\MATLAB\R2012a\bin\win64\libmwmathrng.dll
0x0000000074c10000 - 0x0000000074ced000 	C:\Program Files\MATLAB\R2012a\bin\win64\libmwmathcore.dll
0x0000000076160000 - 0x00000000761cb000 	C:\Program Files\MATLAB\R2012a\bin\win64\libmwspmatrix.dll
0x0000000075ea0000 - 0x0000000075f02000 	C:\Program Files\MATLAB\R2012a\bin\win64\libmwcholmod.dll
0x000000007a460000 - 0x000000007a46d000 	C:\Program Files\MATLAB\R2012a\bin\win64\libmwamd.dll
0x000000007a4b0000 - 0x000000007a4bc000 	C:\Program Files\MATLAB\R2012a\bin\win64\libmwcolamd.dll
0x0000000071e40000 - 0x0000000071e59000 	C:\Program Files\MATLAB\R2012a\bin\win64\libmwblas.dll
0x0000000071840000 - 0x0000000071852000 	C:\Program Files\MATLAB\R2012a\bin\win64\libmwbinder.dll
0x0000000004aa0000 - 0x0000000004aab000 	C:\Program Files\MATLAB\R2012a\bin\win64\libmwompwrapper.dll
0x000000006e150000 - 0x000000006e1d6000 	C:\Program Files\MATLAB\R2012a\bin\win64\libmwlapack.dll
0x0000000071620000 - 0x0000000071641000 	C:\Program Files\MATLAB\R2012a\bin\win64\m_pcodeio.dll
0x0000000079b10000 - 0x0000000079b77000 	C:\Program Files\MATLAB\R2012a\bin\win64\m_ir.dll
0x000000006cde0000 - 0x000000006d430000 	C:\Program Files\MATLAB\R2012a\bin\win64\m_parser.dll
0x0000000071960000 - 0x000000007197a000 	C:\Program Files\MATLAB\R2012a\bin\win64\ir_xfmr.dll
0x000000006c820000 - 0x000000006ca99000 	C:\Program Files\MATLAB\R2012a\bin\win64\mcos.dll
0x00000000737a0000 - 0x00000000737ac000 	C:\Program Files\MATLAB\R2012a\bin\win64\mtok.dll
0x000000006e530000 - 0x000000006e561000 	C:\Program Files\MATLAB\R2012a\bin\win64\m_pcodegen.dll
0x0000000079fb0000 - 0x0000000079fe7000 	C:\Program Files\MATLAB\R2012a\bin\win64\libmwbridge.dll
0x000000006c750000 - 0x000000006c818000 	C:\Program Files\MATLAB\R2012a\bin\win64\udd.dll
0x000000006c5f0000 - 0x000000006c742000 	C:\Program Files\MATLAB\R2012a\bin\win64\libmwgui.dll
0x0000000070500000 - 0x0000000070517000 	C:\Program Files\MATLAB\R2012a\bin\win64\graphics_util.dll
0x0000000065c50000 - 0x00000000665f3000 	C:\Program Files\MATLAB\R2012a\bin\win64\hg.dll
0x0000000004b90000 - 0x0000000004bf7000 	C:\Program Files\MATLAB\R2012a\bin\win64\libmat.dll
0x0000000004c10000 - 0x0000000004e24000 	C:\Program Files\MATLAB\R2012a\bin\win64\hdf5dll.dll
0x0000000075710000 - 0x00000000757c1000 	C:\Program Files\MATLAB\R2012a\bin\win64\jmi.dll
0x0000000004e50000 - 0x0000000004e5e000 	C:\Program Files\MATLAB\R2012a\bin\win64\nativejava_services.dll
0x000000006c5a0000 - 0x000000006c5e2000 	C:\Program Files\MATLAB\R2012a\bin\win64\libmwhardcopy.dll
0x000000006e2c0000 - 0x000000006e31a000 	C:\Program Files\MATLAB\R2012a\bin\win64\libuij.dll
0x0000000069260000 - 0x000000006946c000 	C:\Program Files\MATLAB\R2012a\bin\win64\hgdatatypes.dll
0x000000006c4a0000 - 0x000000006c59d000 	C:\Program Files\MATLAB\R2012a\bin\win64\hgutils.dll
0x000000006c320000 - 0x000000006c3dd000 	C:\Program Files\MATLAB\R2012a\bin\win64\udd_mi.dll
0x0000000004ec0000 - 0x0000000004efb000 	C:\Program Files\MATLAB\R2012a\bin\win64\libmwgbtutils.dll
0x0000000004f10000 - 0x0000000004f29000 	C:\Program Files\MATLAB\R2012a\bin\win64\libmwgbt.dll
0x0000000004f40000 - 0x000000000520a000 	C:\Program Files\MATLAB\R2012a\bin\win64\uiw.dll
0x0000000073200000 - 0x000000007320f000 	C:\Program Files\MATLAB\R2012a\bin\win64\uinone.dll
0x000007fefae00000 - 0x000007fefae18000 	C:\Windows\system32\MPR.dll
0x0000000063480000 - 0x0000000063964000 	C:\Windows\WinSxS\amd64_microsoft.vc90.mfc_1fc8b3b9a1e18e3b_9.0.30729.6161_none_044aad0bab1eb146\mfc90.dll
0x000007fefae60000 - 0x000007fefae67000 	C:\Windows\system32\MSIMG32.dll
0x000007fefb530000 - 0x000007fefb5a1000 	C:\Windows\system32\WINSPOOL.DRV
0x000000006ff60000 - 0x000000006ff80000 	C:\Program Files\MATLAB\R2012a\bin\win64\mwoles05.DLL
0x000000006c2a0000 - 0x000000006c31c000 	C:\Program Files\MATLAB\R2012a\bin\win64\comcli.dll
0x000000006c270000 - 0x000000006c29f000 	C:\Windows\WinSxS\amd64_microsoft.vc90.atl_1fc8b3b9a1e18e3b_9.0.30729.6161_none_0a1fd3a3a768b895\ATL90.DLL
0x0000000073770000 - 0x000000007377c000 	C:\Program Files\MATLAB\R2012a\bin\win64\mlautoregister.dll
0x0000000005260000 - 0x0000000005270000 	C:\Program Files\MATLAB\R2012a\bin\win64\boost_iostreams-vc90-mt-1_44.dll
0x000007fefe4a0000 - 0x000007fefe4ce000 	C:\Windows\system32\IMM32.DLL
0x000007feff9d0000 - 0x000007feffad9000 	C:\Windows\system32\MSCTF.dll
0x000007fefc7c0000 - 0x000007fefc816000 	C:\Windows\system32\UxTheme.dll
0x000007fefc4c0000 - 0x000007fefc4d8000 	C:\Windows\system32\dwmapi.dll
0x0000000071830000 - 0x000000007183d000 	C:\Windows\WinSxS\amd64_microsoft.vc90.mfcloc_1fc8b3b9a1e18e3b_9.0.30729.6161_none_01c9581e60cbee58\MFC90ENU.DLL
0x0000000005450000 - 0x0000000005479000 	C:\Program Files\MATLAB\R2012a\bin\win64\tbbmalloc.dll
0x000007fef01b0000 - 0x000007fef01c1000 	C:\Program Files (x86)\Dexpot\hooxpot64.dll
0x0000000007f90000 - 0x0000000008055000 	C:\Program Files (x86)\ObjectDock\Dock64.dll
0x0000000078870000 - 0x0000000078ecd000 	C:\Program Files\MATLAB\R2012a\sys\java\jre\win64\jre\bin\server\jvm.dll
0x000007fefbf90000 - 0x000007fefbfcb000 	C:\Windows\system32\WINMM.dll
0x000007fefe0d0000 - 0x000007fefe0df000 	C:\Windows\system32\profapi.dll
0x000007fefab10000 - 0x000007fefab37000 	C:\Windows\system32\iphlpapi.dll
0x000007fefaae0000 - 0x000007fefaaeb000 	C:\Windows\system32\WINNSI.DLL
0x000007fefd750000 - 0x000007fefd7ab000 	C:\Windows\system32\DNSAPI.dll
0x000007fefa6b0000 - 0x000007fefa6c8000 	C:\Windows\system32\dhcpcsvc.DLL
0x000007fefa6e0000 - 0x000007fefa6f1000 	C:\Windows\system32\dhcpcsvc6.DLL
0x0000000072e50000 - 0x0000000072e53000 	C:\Windows\system32\icmp.Dll
0x000007fefe000000 - 0x000007fefe00f000 	C:\Windows\system32\CRYPTBASE.dll
0x000007fefe280000 - 0x000007fefe2b6000 	C:\Windows\system32\CFGMGR32.dll
0x000000007a440000 - 0x000000007a44e000 	C:\Program Files\MATLAB\R2012a\sys\java\jre\win64\jre\bin\verify.dll
0x000000007a070000 - 0x000000007a097000 	C:\Program Files\MATLAB\R2012a\sys\java\jre\win64\jre\bin\java.dll

VM Arguments:
jvm_args: -Xss512k -XX:PermSize=32m -Xms64m -XX:NewRatio=3 -XX:MaxPermSize=128m -Xmx196m -XX:MaxDirectMemorySize=2147400000 -Dsun.java2d.noddraw=true -Dsun.awt.nopixfmt=true -Xshare:off -Xrs -Dsun.awt.disableMixing=true -Djava.library.path=C:\Program Files\MATLAB\R2012a\bin\win64 vfprintf abort 
java_command: <unknown>
Launcher Type: generic

Environment Variables:
CLASSPATH=.;C:\Program Files (x86)\Java\jre7\lib\ext\QTJava.zip
PATH=C:\Windows\system32;C:\Windows;C:\Windows\System32\Wbem;C:\Windows\System32\WindowsPowerShell\v1.0\;C:\Program Files\Intel\DMIX;C:\Program Files\Intel\WiFi\bin\;C:\Program Files\Common Files\Intel\WirelessCommon\;C:\Program Files\ThinkPad\Bluetooth Software\;C:\Program Files\ThinkPad\Bluetooth Software\syswow64;C:\Program Files (x86)\Intel\Services\IPT\;C:\Program Files\MATLAB\R2012a\runtime\win64;C:\Program Files\MATLAB\R2012a\bin;C:\Program Files\TortoiseSVN\bin;C:\Program Files (x86)\MiKTeX 2.9\miktex\bin\;C:\Program Files (x86)\QuickTime\QTSystem\
USERNAME=Peter
OS=Windows_NT
PROCESSOR_IDENTIFIER=Intel64 Family 6 Model 42 Stepping 7, GenuineIntel



---------------  S Y S T E M  ---------------

OS: Windows 7 Build 7601 Service Pack 1

CPU:total 4 (8 cores per cpu, 2 threads per core) family 6 model 42 stepping 7, cmov, cx8, fxsr, mmx, sse, sse2, sse3, ssse3, sse4.1, sse4.2, ht

Memory: 4k page, physical 8268016k(5903252k free), swap 16534176k(10456768k free)

vm_info: Java HotSpot(TM) 64-Bit Server VM (14.3-b01) for windows-amd64 JRE (1.6.0_17-b04), built on Oct 11 2009 00:46:08 by "java_re" with MS VC++ 8.0

time: Fri Feb 22 21:23:59 2013
elapsed time: 100463 seconds

