#
# A fatal error has been detected by the Java Runtime Environment:
#
#  EXCEPTION_ACCESS_VIOLATION (0xc0000005) at pc=0x000000007322c750, pid=8948, tid=9092
#
# JRE version: 6.0_17-b04
# Java VM: Java HotSpot(TM) 64-Bit Server VM (14.3-b01 mixed mode windows-amd64 )
# Problematic frame:
# C  0x000000007322c750
#
# If you would like to submit a bug report, please visit:
#   http://java.sun.com/webapps/bugreport/crash.jsp
# The crash happened outside the Java Virtual Machine in native code.
# See problematic frame for where to report the bug.
#

---------------  T H R E A D  ---------------

Current thread (0x0000000061297800):  JavaThread "AWT-EventQueue-0" [_thread_in_native, id=9092, stack(0x000000000fa70000,0x000000000faf0000)]

siginfo: ExceptionCode=0xc0000005, reading address 0x0000000000000008

Registers:
EAX=0x000000000000000d, EBX=0x00000000612979b8, ECX=0x0000000000000000, EDX=0x0000000042012668
ESP=0x000000000faedfe8, EBP=0x000000007a672c00, ESI=0x00000000612979b8, EDI=0x000000007272c040
EIP=0x000000007322c750, EFLAGS=0x0000000000010202

Top of Stack: (sp=0x000000000faedfe8)
0x000000000faedfe8:   00000000731d589c 0000000000000000
0x000000000faedff8:   00000000612979b8 000000007a672c00
0x000000000faee008:   00000000612979b8 000000000faee078
0x000000000faee018:   00000000612979b8 000000002ecfc0e0
0x000000000faee028:   00000000731b3810 00000000612979b8
0x000000000faee038:   000000000faee708 000000000faee780
0x000000000faee048:   000000007a672c00 0000000038c48f28
0x000000000faee058:   00000000731d2151 000000002d17a210
0x000000000faee068:   000000000faee778 000000003b6893d8
0x000000000faee078:   000000000faee780 000000002940b70c
0x000000000faee088:   000000004009ab98 0000000033fb8dd8
0x000000000faee098:   000000002940b828 0000000000000640
0x000000000faee0a8:   0000000000000000 0000000000000000
0x000000000faee0b8:   000000003ff93238 000000003ff93238
0x000000000faee0c8:   0000000033fb9938 0000000034d70618
0x000000000faee0d8:   0000000000000007 0000000100000000 

Instructions: (pc=0x000000007322c750)
0x000000007322c740:   48 8b 41 08 48 8b 80 18 0c 00 00 c3 cc cc cc cc
0x000000007322c750:   48 8b 49 08 48 85 c9 74 05 e9 72 f6 fd ff 33 c0 


Stack: [0x000000000fa70000,0x000000000faf0000],  sp=0x000000000faedfe8,  free space=503k
Native frames: (J=compiled Java code, j=interpreted, Vv=VM code, C=native code)
C  0x000000007322c750

Java frames: (J=compiled Java code, j=interpreted, Vv=VM code)
j  sun.java2d.windows.GDIBlitLoops.nativeBlit(Lsun/java2d/SurfaceData;Lsun/java2d/SurfaceData;Lsun/java2d/pipe/Region;IIIIIIIIIZ)V+0
j  sun.java2d.windows.GDIBlitLoops.Blit(Lsun/java2d/SurfaceData;Lsun/java2d/SurfaceData;Ljava/awt/Composite;Lsun/java2d/pipe/Region;IIIIII)V+33
J  sun.java2d.pipe.DrawImage.copyImage(Lsun/java2d/SunGraphics2D;Ljava/awt/Image;IILjava/awt/Color;Ljava/awt/image/ImageObserver;)Z
J  javax.swing.RepaintManager$PaintManager.paintDoubleBuffered(Ljavax/swing/JComponent;Ljava/awt/Image;Ljava/awt/Graphics;IIII)V
J  javax.swing.RepaintManager$PaintManager.paint(Ljavax/swing/JComponent;Ljavax/swing/JComponent;Ljava/awt/Graphics;IIII)Z
j  javax.swing.BufferStrategyPaintManager.paint(Ljavax/swing/JComponent;Ljavax/swing/JComponent;Ljava/awt/Graphics;IIII)Z+224
J  javax.swing.JComponent.paint(Ljava/awt/Graphics;)V
j  java.awt.GraphicsCallback$PaintCallback.run(Ljava/awt/Component;Ljava/awt/Graphics;)V+2
j  sun.awt.SunGraphicsCallback.runOneComponent(Ljava/awt/Component;Ljava/awt/Rectangle;Ljava/awt/Graphics;Ljava/awt/Shape;I)V+155
j  sun.awt.SunGraphicsCallback.runComponents([Ljava/awt/Component;Ljava/awt/Graphics;I)V+104
j  java.awt.Container.paint(Ljava/awt/Graphics;)V+73
J  javax.swing.RepaintManager.paintDirtyRegions(Ljava/util/Map;)V
j  javax.swing.RepaintManager.paintDirtyRegions()V+46
j  javax.swing.RepaintManager.seqPaintDirtyRegions()V+73
j  javax.swing.SystemEventQueueUtilities$ComponentWorkRequest.run()V+36
J  java.awt.EventDispatchThread.pumpOneEventForFilters(I)Z
J  java.awt.EventDispatchThread.pumpEventsForFilter(ILjava/awt/Conditional;Ljava/awt/EventFilter;)V
j  java.awt.EventDispatchThread.pumpEventsForHierarchy(ILjava/awt/Conditional;Ljava/awt/Component;)V+11
j  java.awt.EventDispatchThread.pumpEvents(ILjava/awt/Conditional;)V+4
j  java.awt.EventDispatchThread.pumpEvents(Ljava/awt/Conditional;)V+3
j  java.awt.EventDispatchThread.run()V+9
v  ~StubRoutines::call_stub

---------------  P R O C E S S  ---------------

Java Threads: ( => current thread )
  0x0000000061a5e000 JavaThread "Image Fetcher 0" daemon [_thread_blocked, id=8460, stack(0x00000000588c0000,0x0000000058940000)]
  0x0000000061a5f800 JavaThread "Prefs Updater" daemon [_thread_blocked, id=10192, stack(0x0000000028690000,0x0000000028710000)]
  0x0000000061a62800 JavaThread "Explorer NavigationContext request queue" [_thread_in_Java, id=4308, stack(0x0000000028510000,0x0000000028590000)]
  0x0000000061a5e800 JavaThread "pool-6-thread-1" [_thread_blocked, id=10516, stack(0x0000000027220000,0x00000000272a0000)]
  0x0000000061a61000 JavaThread "pool-8-thread-1" [_thread_blocked, id=7744, stack(0x0000000028780000,0x0000000028800000)]
  0x0000000061a60000 JavaThread "AddressBar directory emptiness poller" [_thread_blocked, id=6128, stack(0x00000000272b0000,0x0000000027330000)]
  0x0000000061a5c800 JavaThread "Timer queue for AWT thread" daemon [_thread_blocked, id=2788, stack(0x0000000028a60000,0x0000000028ae0000)]
  0x00000000614ac000 JavaThread "Foxtrot Single Worker Thread #1" daemon [_thread_blocked, id=10060, stack(0x0000000028e10000,0x0000000028e90000)]
  0x0000000061a5b000 JavaThread "Code Analyzer updating thread" [_thread_blocked, id=7352, stack(0x00000000742a0000,0x0000000074320000)]
  0x0000000061501000 JavaThread "Code Analyzer updating thread" [_thread_blocked, id=4148, stack(0x0000000074eb0000,0x0000000074f30000)]
  0x0000000061500000 JavaThread "Code Analyzer updating thread" [_thread_blocked, id=8396, stack(0x0000000074d20000,0x0000000074da0000)]
  0x00000000614ff800 JavaThread "Code Analyzer updating thread" [_thread_blocked, id=8388, stack(0x00000000740b0000,0x0000000074130000)]
  0x00000000614ff000 JavaThread "Code Analyzer updating thread" [_thread_blocked, id=4344, stack(0x0000000074b90000,0x0000000074c10000)]
  0x00000000614fe000 JavaThread "Code Analyzer updating thread" [_thread_blocked, id=7292, stack(0x00000000746c0000,0x0000000074740000)]
  0x00000000614fd800 JavaThread "Code Analyzer updating thread" [_thread_blocked, id=8336, stack(0x0000000074790000,0x0000000074810000)]
  0x00000000614fc800 JavaThread "Code Analyzer updating thread" [_thread_blocked, id=8344, stack(0x00000000745e0000,0x0000000074660000)]
  0x00000000614fc000 JavaThread "Code Analyzer updating thread" [_thread_blocked, id=6856, stack(0x0000000074350000,0x00000000743d0000)]
  0x00000000614fb000 JavaThread "Code Analyzer updating thread" [_thread_blocked, id=8372, stack(0x0000000074220000,0x00000000742a0000)]
  0x00000000614fa800 JavaThread "Code Analyzer updating thread" [_thread_blocked, id=8368, stack(0x0000000073c40000,0x0000000073cc0000)]
  0x00000000614f9800 JavaThread "Code Analyzer updating thread" [_thread_blocked, id=8268, stack(0x0000000073da0000,0x0000000073e20000)]
  0x0000000061576800 JavaThread "Code Analyzer updating thread" [_thread_blocked, id=5676, stack(0x0000000074140000,0x00000000741c0000)]
  0x0000000061575800 JavaThread "Code Analyzer updating thread" [_thread_blocked, id=6272, stack(0x00000000738b0000,0x0000000073930000)]
  0x0000000061575000 JavaThread "Code Analyzer updating thread" [_thread_blocked, id=6780, stack(0x0000000073e60000,0x0000000073ee0000)]
  0x0000000061574800 JavaThread "Code Analyzer updating thread" [_thread_blocked, id=8332, stack(0x0000000072c90000,0x0000000072d10000)]
  0x0000000061573800 JavaThread "Code Analyzer updating thread" [_thread_blocked, id=3808, stack(0x0000000073d10000,0x0000000073d90000)]
  0x0000000061573000 JavaThread "Code Analyzer updating thread" [_thread_blocked, id=8340, stack(0x00000000739e0000,0x0000000073a60000)]
  0x0000000061572000 JavaThread "Code Analyzer updating thread" [_thread_blocked, id=8292, stack(0x0000000073b40000,0x0000000073bc0000)]
  0x0000000061571800 JavaThread "Code Analyzer updating thread" [_thread_blocked, id=7904, stack(0x0000000073bc0000,0x0000000073c40000)]
  0x0000000061570800 JavaThread "Code Analyzer updating thread" [_thread_blocked, id=7800, stack(0x0000000073aa0000,0x0000000073b20000)]
  0x0000000061570000 JavaThread "Code Analyzer updating thread" [_thread_blocked, id=4844, stack(0x0000000073660000,0x00000000736e0000)]
  0x000000006156f000 JavaThread "Code Analyzer updating thread" [_thread_blocked, id=7476, stack(0x0000000073960000,0x00000000739e0000)]
  0x00000000720e0000 JavaThread "Code Analyzer updating thread" [_thread_blocked, id=7436, stack(0x0000000073460000,0x00000000734e0000)]
  0x00000000720df800 JavaThread "Code Analyzer updating thread" [_thread_blocked, id=7472, stack(0x0000000072fe0000,0x0000000073060000)]
  0x00000000720df000 JavaThread "Code Analyzer updating thread" [_thread_blocked, id=7444, stack(0x00000000737d0000,0x0000000073850000)]
  0x00000000720de000 JavaThread "Code Analyzer updating thread" [_thread_blocked, id=8356, stack(0x0000000073710000,0x0000000073790000)]
  0x00000000720dd800 JavaThread "Code Analyzer updating thread" [_thread_blocked, id=8360, stack(0x0000000073380000,0x0000000073400000)]
  0x00000000612c7000 JavaThread "Code Analyzer updating thread" [_thread_blocked, id=8352, stack(0x0000000073090000,0x0000000073110000)]
  0x00000000612c6000 JavaThread "Code Analyzer updating thread" [_thread_blocked, id=8348, stack(0x0000000063250000,0x00000000632d0000)]
  0x00000000612c5800 JavaThread "Code Analyzer updating thread" [_thread_blocked, id=8304, stack(0x0000000072b50000,0x0000000072bd0000)]
  0x00000000612c4800 JavaThread "Code Analyzer updating thread" [_thread_blocked, id=8232, stack(0x000000006ab30000,0x000000006abb0000)]
  0x00000000612c4000 JavaThread "Code Analyzer updating thread" [_thread_blocked, id=8248, stack(0x0000000063bc0000,0x0000000063c40000)]
  0x00000000612c3000 JavaThread "Code Analyzer updating thread" [_thread_blocked, id=8300, stack(0x0000000072f60000,0x0000000072fe0000)]
  0x00000000612c2800 JavaThread "Code Analyzer updating thread" [_thread_blocked, id=8296, stack(0x0000000072bf0000,0x0000000072c70000)]
  0x00000000612c2000 JavaThread "Code Analyzer updating thread" [_thread_blocked, id=8244, stack(0x0000000063450000,0x00000000634d0000)]
  0x00000000612c1000 JavaThread "Code Analyzer updating thread" [_thread_blocked, id=8236, stack(0x0000000072a10000,0x0000000072a90000)]
  0x00000000612c0800 JavaThread "Code Analyzer updating thread" [_thread_blocked, id=9080, stack(0x0000000072ab0000,0x0000000072b30000)]
  0x00000000614ae800 JavaThread "Code Analyzer updating thread" [_thread_blocked, id=9120, stack(0x0000000072980000,0x0000000072a00000)]
  0x00000000614ad800 JavaThread "Code Analyzer updating thread" [_thread_blocked, id=9124, stack(0x000000006aa90000,0x000000006ab10000)]
  0x00000000614ad000 JavaThread "Timer-3" [_thread_blocked, id=9132, stack(0x00000000728a0000,0x0000000072920000)]
  0x00000000614ab800 JavaThread "Code Analyzer updating thread" [_thread_blocked, id=9140, stack(0x00000000630c0000,0x0000000063140000)]
  0x00000000614aa800 JavaThread "Active Reference Queue Daemon" daemon [_thread_blocked, id=9200, stack(0x0000000063040000,0x00000000630c0000)]
  0x00000000614aa000 JavaThread "Timer-2" daemon [_thread_blocked, id=8632, stack(0x0000000058960000,0x00000000589e0000)]
  0x00000000614a9800 JavaThread "Timer-1" daemon [_thread_blocked, id=8624, stack(0x0000000061d40000,0x0000000061dc0000)]
  0x00000000614a7000 JavaThread "TimerQueue" daemon [_thread_blocked, id=9160, stack(0x00000000485c0000,0x0000000048640000)]
  0x000000006129a800 JavaThread "FelixPackageAdmin" daemon [_thread_blocked, id=9144, stack(0x000000000ff80000,0x0000000010000000)]
  0x00000000611bc000 JavaThread "FelixStartLevel" daemon [_thread_blocked, id=9148, stack(0x0000000054810000,0x0000000054890000)]
  0x0000000061196000 JavaThread "FelixDispatchQueue" daemon [_thread_blocked, id=1004, stack(0x0000000040490000,0x0000000040510000)]
=>0x0000000061297800 JavaThread "AWT-EventQueue-0" [_thread_in_native, id=9092, stack(0x000000000fa70000,0x000000000faf0000)]
  0x0000000061189800 JavaThread "com.google.common.base.internal.Finalizer" daemon [_thread_blocked, id=9116, stack(0x000000000fdb0000,0x000000000fe30000)]
  0x0000000061217000 JavaThread "AWT-Shutdown" [_thread_blocked, id=9112, stack(0x000000000f9b0000,0x000000000fa30000)]
  0x0000000061260800 JavaThread "AWT-Windows" daemon [_thread_in_native, id=9036, stack(0x000000000faf0000,0x000000000fb70000)]
  0x000000006125f000 JavaThread "Java2D Disposer" daemon [_thread_blocked, id=9084, stack(0x000000000f910000,0x000000000f990000)]
  0x0000000060d56800 JavaThread "Timer-0" [_thread_blocked, id=8612, stack(0x000000000f780000,0x000000000f800000)]
  0x000000000f690800 JavaThread "EventMgr Dispatcher" daemon [_thread_in_native, id=7320, stack(0x0000000010e50000,0x0000000014e50000)]
  0x000000000e5df000 JavaThread "Low Memory Detector" daemon [_thread_blocked, id=9028, stack(0x000000000e850000,0x000000000e8d0000)]
  0x000000000e5dd800 JavaThread "CompilerThread1" daemon [_thread_blocked, id=9024, stack(0x0000000058a30000,0x000000005ca30000)]
  0x000000000e5cc800 JavaThread "CompilerThread0" daemon [_thread_blocked, id=8308, stack(0x00000000548c0000,0x00000000588c0000)]
  0x000000000e5cb000 JavaThread "Attach Listener" daemon [_thread_blocked, id=9016, stack(0x000000000ea40000,0x000000000eac0000)]
  0x00000000055eb000 JavaThread "Finalizer" daemon [_thread_blocked, id=9012, stack(0x000000000e930000,0x000000000e9b0000)]
  0x000000000e575000 JavaThread "Reference Handler" daemon [_thread_blocked, id=7924, stack(0x000000000e720000,0x000000000e7a0000)]
  0x000000000566f000 JavaThread "main" [_thread_in_native, id=680, stack(0x0000000000070000,0x0000000004070000)]

Other Threads:
  0x000000000e571800 VMThread [stack: 0x0000000050810000,0x0000000054810000] [id=1152]
  0x000000000e615800 WatcherThread [stack: 0x000000005cb70000,0x0000000060b70000] [id=8940]

VM state:not at safepoint (normal execution)

VM Mutex/Monitor currently owned by a thread: None

Heap
 PSYoungGen      total 48896K, used 13560K [0x000000003d2a0000, 0x00000000403a0000, 0x00000000403a0000)
  eden space 47808K, 27% used [0x000000003d2a0000,0x000000003df44d58,0x0000000040150000)
  from space 1088K, 56% used [0x0000000040150000,0x00000000401e94e0,0x0000000040260000)
  to   space 1152K, 0% used [0x0000000040280000,0x0000000040280000,0x00000000403a0000)
 PSOldGen        total 150528K, used 121784K [0x0000000033fa0000, 0x000000003d2a0000, 0x000000003d2a0000)
  object space 150528K, 80% used [0x0000000033fa0000,0x000000003b68e3d8,0x000000003d2a0000)
 PSPermGen       total 110720K, used 70279K [0x000000002bfa0000, 0x0000000032bc0000, 0x0000000033fa0000)
  object space 110720K, 63% used [0x000000002bfa0000,0x0000000030441de8,0x0000000032bc0000)

Dynamic libraries:
0x000000013fab0000 - 0x000000013fae2000 	C:\Program Files\MATLAB\R2012a\bin\win64\MATLAB.exe
0x0000000077bb0000 - 0x0000000077d59000 	C:\Windows\SYSTEM32\ntdll.dll
0x0000000077630000 - 0x000000007774f000 	C:\Windows\system32\kernel32.dll
0x000007fefe330000 - 0x000007fefe39b000 	C:\Windows\system32\KERNELBASE.dll
0x0000000074460000 - 0x0000000074554000 	C:\Program Files\MATLAB\R2012a\bin\win64\libut.dll
0x00000000758a0000 - 0x0000000075952000 	C:\Program Files\MATLAB\R2012a\bin\win64\libmwi18n.dll
0x0000000180000000 - 0x000000018000b000 	C:\Program Files\MATLAB\R2012a\bin\win64\libmwresource_core.dll
0x00000000717d0000 - 0x00000000718a3000 	C:\Windows\WinSxS\amd64_microsoft.vc90.crt_1fc8b3b9a1e18e3b_9.0.30729.6161_none_08e61857a83bc251\MSVCP90.dll
0x00000000752d0000 - 0x0000000075373000 	C:\Windows\WinSxS\amd64_microsoft.vc90.crt_1fc8b3b9a1e18e3b_9.0.30729.6161_none_08e61857a83bc251\MSVCR90.dll
0x000000007a170000 - 0x000000007a19c000 	C:\Program Files\MATLAB\R2012a\bin\win64\boost_filesystem-vc90-mt-1_44.dll
0x000000007a560000 - 0x000000007a569000 	C:\Program Files\MATLAB\R2012a\bin\win64\boost_system-vc90-mt-1_44.dll
0x000007feffaa0000 - 0x000007feffb7b000 	C:\Windows\system32\ADVAPI32.dll
0x000007feff6a0000 - 0x000007feff73f000 	C:\Windows\system32\msvcrt.dll
0x000007feff740000 - 0x000007feff75f000 	C:\Windows\SYSTEM32\sechost.dll
0x000007feffca0000 - 0x000007feffdcd000 	C:\Windows\system32\RPCRT4.dll
0x000000007a010000 - 0x000000007a035000 	C:\Program Files\MATLAB\R2012a\bin\win64\LIBEXPAT.dll
0x0000000066560000 - 0x0000000066751000 	C:\Program Files\MATLAB\R2012a\bin\win64\icuin44.dll
0x00000000667e0000 - 0x0000000066951000 	C:\Program Files\MATLAB\R2012a\bin\win64\icuuc44.dll
0x0000000010000000 - 0x0000000010e41000 	C:\Program Files\MATLAB\R2012a\bin\win64\icudt44.dll
0x0000000073f70000 - 0x00000000740ad000 	C:\Program Files\MATLAB\R2012a\bin\win64\libmwfl.dll
0x0000000004270000 - 0x0000000004566000 	C:\Program Files\MATLAB\R2012a\bin\win64\libmwMATLAB_res.dll
0x000000007a3b0000 - 0x000000007a3c0000 	C:\Program Files\MATLAB\R2012a\bin\win64\boost_date_time-vc90-mt-1_44.dll
0x000000007a250000 - 0x000000007a263000 	C:\Program Files\MATLAB\R2012a\bin\win64\boost_signals-vc90-mt-1_44.dll
0x000000007a2d0000 - 0x000000007a2e2000 	C:\Program Files\MATLAB\R2012a\bin\win64\boost_thread-vc90-mt-1_44.dll
0x0000000004590000 - 0x00000000045d6000 	C:\Program Files\MATLAB\R2012a\bin\win64\tbb.dll
0x000007feffc00000 - 0x000007feffc19000 	C:\Windows\system32\imagehlp.dll
0x0000000077d70000 - 0x0000000077d77000 	C:\Windows\system32\PSAPI.DLL
0x00000000667c0000 - 0x00000000667d3000 	C:\Program Files\MATLAB\R2012a\bin\win64\icuio44.dll
0x000007feea7c0000 - 0x000007feea8e5000 	C:\Windows\system32\dbghelp.dll
0x0000000077ab0000 - 0x0000000077baa000 	C:\Windows\system32\USER32.dll
0x000007feff520000 - 0x000007feff587000 	C:\Windows\system32\GDI32.dll
0x000007feffdd0000 - 0x000007feffdde000 	C:\Windows\system32\LPK.dll
0x000007feff7c0000 - 0x000007feff889000 	C:\Windows\system32\USP10.dll
0x000000007bed0000 - 0x000000007c183000 	C:\Program Files\MATLAB\R2012a\bin\win64\libmwservices.dll
0x0000000075a20000 - 0x0000000075ae2000 	C:\Program Files\MATLAB\R2012a\bin\win64\libmx.dll
0x000000007a210000 - 0x000000007a228000 	C:\Program Files\MATLAB\R2012a\bin\win64\zlib1.dll
0x0000000004630000 - 0x0000000004651000 	C:\Program Files\MATLAB\R2012a\bin\win64\libmwmfl_scalar.dll
0x0000000075f10000 - 0x0000000075f5d000 	C:\Program Files\MATLAB\R2012a\bin\win64\mpath.dll
0x000000007b680000 - 0x000000007bbe1000 	C:\Program Files\MATLAB\R2012a\bin\win64\mlutil.dll
0x00000000664e0000 - 0x000000006655f000 	C:\Program Files\MATLAB\R2012a\bin\win64\xmlcore.dll
0x000000007bc30000 - 0x000000007be83000 	C:\Program Files\MATLAB\R2012a\bin\win64\xerces-c_2_7.dll
0x000007feff430000 - 0x000007feff47d000 	C:\Windows\system32\WS2_32.dll
0x000007fefe3e0000 - 0x000007fefe3e8000 	C:\Windows\system32\NSI.dll
0x00000000046b0000 - 0x00000000046ca000 	C:\Program Files\MATLAB\R2012a\bin\win64\libmwMATLAB_settings_res.dll
0x00000000046e0000 - 0x0000000004727000 	C:\Program Files\MATLAB\R2012a\bin\win64\boost_serialization-vc90-mt-1_44.dll
0x000007fefe6a0000 - 0x000007feff428000 	C:\Windows\system32\SHELL32.dll
0x000007feffc20000 - 0x000007feffc91000 	C:\Windows\system32\SHLWAPI.dll
0x000007fefa730000 - 0x000007fefa7d0000 	C:\Windows\WinSxS\amd64_microsoft.windows.common-controls_6595b64144ccf1df_5.82.7601.17514_none_a4d6a923711520a9\COMCTL32.dll
0x000007feff480000 - 0x000007feff517000 	C:\Windows\system32\COMDLG32.dll
0x000007fefd240000 - 0x000007fefd256000 	C:\Windows\system32\NETAPI32.dll
0x000007fefd960000 - 0x000007fefd96c000 	C:\Windows\system32\netutils.dll
0x000007fefdaf0000 - 0x000007fefdb13000 	C:\Windows\system32\srvcli.dll
0x000007fefcfe0000 - 0x000007fefcff5000 	C:\Windows\system32\wkscli.dll
0x000007fefe490000 - 0x000007fefe693000 	C:\Windows\system32\ole32.dll
0x000007feffde0000 - 0x000007feffeb7000 	C:\Windows\system32\OLEAUT32.dll
0x0000000074970000 - 0x0000000074b06000 	C:\Program Files\MATLAB\R2012a\bin\win64\mcr.dll
0x0000000004750000 - 0x0000000004abb000 	C:\Program Files\MATLAB\R2012a\bin\win64\iqm.dll
0x0000000065cb0000 - 0x00000000664d1000 	C:\Program Files\MATLAB\R2012a\bin\win64\m_interpreter.dll
0x0000000066790000 - 0x00000000667b5000 	C:\Program Files\MATLAB\R2012a\bin\win64\libmex.dll
0x0000000065bf0000 - 0x0000000065ca3000 	C:\Program Files\MATLAB\R2012a\bin\win64\m_dispatcher.dll
0x0000000074880000 - 0x000000007496d000 	C:\Program Files\MATLAB\R2012a\bin\win64\boost_regex-vc90-mt-1_44.dll
0x0000000065b60000 - 0x0000000065be4000 	C:\Program Files\MATLAB\R2012a\bin\win64\profiler.dll
0x0000000004b20000 - 0x0000000004d75000 	C:\Program Files\MATLAB\R2012a\bin\win64\libmwmathutil.dll
0x0000000079f40000 - 0x0000000079f6d000 	C:\Program Files\MATLAB\R2012a\bin\win64\libmwmathrng.dll
0x0000000074c10000 - 0x0000000074ced000 	C:\Program Files\MATLAB\R2012a\bin\win64\libmwmathcore.dll
0x0000000076160000 - 0x00000000761cb000 	C:\Program Files\MATLAB\R2012a\bin\win64\libmwspmatrix.dll
0x0000000075ea0000 - 0x0000000075f02000 	C:\Program Files\MATLAB\R2012a\bin\win64\libmwcholmod.dll
0x000000007a460000 - 0x000000007a46d000 	C:\Program Files\MATLAB\R2012a\bin\win64\libmwamd.dll
0x000000007a4b0000 - 0x000000007a4bc000 	C:\Program Files\MATLAB\R2012a\bin\win64\libmwcolamd.dll
0x0000000066770000 - 0x0000000066789000 	C:\Program Files\MATLAB\R2012a\bin\win64\libmwblas.dll
0x0000000065b40000 - 0x0000000065b52000 	C:\Program Files\MATLAB\R2012a\bin\win64\libmwbinder.dll
0x0000000066760000 - 0x000000006676b000 	C:\Program Files\MATLAB\R2012a\bin\win64\libmwompwrapper.dll
0x0000000065a20000 - 0x0000000065aa6000 	C:\Program Files\MATLAB\R2012a\bin\win64\libmwlapack.dll
0x0000000065b10000 - 0x0000000065b31000 	C:\Program Files\MATLAB\R2012a\bin\win64\m_pcodeio.dll
0x0000000079b10000 - 0x0000000079b77000 	C:\Program Files\MATLAB\R2012a\bin\win64\m_ir.dll
0x00000000653d0000 - 0x0000000065a20000 	C:\Program Files\MATLAB\R2012a\bin\win64\m_parser.dll
0x0000000065af0000 - 0x0000000065b0a000 	C:\Program Files\MATLAB\R2012a\bin\win64\ir_xfmr.dll
0x0000000065150000 - 0x00000000653c9000 	C:\Program Files\MATLAB\R2012a\bin\win64\mcos.dll
0x0000000065ae0000 - 0x0000000065aec000 	C:\Program Files\MATLAB\R2012a\bin\win64\mtok.dll
0x0000000065110000 - 0x0000000065141000 	C:\Program Files\MATLAB\R2012a\bin\win64\m_pcodegen.dll
0x0000000079fb0000 - 0x0000000079fe7000 	C:\Program Files\MATLAB\R2012a\bin\win64\libmwbridge.dll
0x0000000065040000 - 0x0000000065108000 	C:\Program Files\MATLAB\R2012a\bin\win64\udd.dll
0x0000000064ee0000 - 0x0000000065032000 	C:\Program Files\MATLAB\R2012a\bin\win64\libmwgui.dll
0x0000000065ac0000 - 0x0000000065ad7000 	C:\Program Files\MATLAB\R2012a\bin\win64\graphics_util.dll
0x0000000064530000 - 0x0000000064ed3000 	C:\Program Files\MATLAB\R2012a\bin\win64\hg.dll
0x0000000004ef0000 - 0x0000000004f57000 	C:\Program Files\MATLAB\R2012a\bin\win64\libmat.dll
0x0000000072d30000 - 0x0000000072f44000 	C:\Program Files\MATLAB\R2012a\bin\win64\hdf5dll.dll
0x0000000075710000 - 0x00000000757c1000 	C:\Program Files\MATLAB\R2012a\bin\win64\jmi.dll
0x0000000004f90000 - 0x0000000004f9e000 	C:\Program Files\MATLAB\R2012a\bin\win64\nativejava_services.dll
0x00000000644e0000 - 0x0000000064522000 	C:\Program Files\MATLAB\R2012a\bin\win64\libmwhardcopy.dll
0x0000000064480000 - 0x00000000644da000 	C:\Program Files\MATLAB\R2012a\bin\win64\libuij.dll
0x0000000064270000 - 0x000000006447c000 	C:\Program Files\MATLAB\R2012a\bin\win64\hgdatatypes.dll
0x0000000064170000 - 0x000000006426d000 	C:\Program Files\MATLAB\R2012a\bin\win64\hgutils.dll
0x00000000640b0000 - 0x000000006416d000 	C:\Program Files\MATLAB\R2012a\bin\win64\udd_mi.dll
0x0000000005000000 - 0x000000000503b000 	C:\Program Files\MATLAB\R2012a\bin\win64\libmwgbtutils.dll
0x0000000005050000 - 0x0000000005069000 	C:\Program Files\MATLAB\R2012a\bin\win64\libmwgbt.dll
0x0000000005080000 - 0x000000000534a000 	C:\Program Files\MATLAB\R2012a\bin\win64\uiw.dll
0x0000000065ab0000 - 0x0000000065abf000 	C:\Program Files\MATLAB\R2012a\bin\win64\uinone.dll
0x000007fef37d0000 - 0x000007fef37e8000 	C:\Windows\system32\MPR.dll
0x00000000636d0000 - 0x0000000063bb4000 	C:\Windows\WinSxS\amd64_microsoft.vc90.mfc_1fc8b3b9a1e18e3b_9.0.30729.6161_none_044aad0bab1eb146\mfc90.dll
0x000007fefa960000 - 0x000007fefa967000 	C:\Windows\system32\MSIMG32.dll
0x000007fefb5e0000 - 0x000007fefb651000 	C:\Windows\system32\WINSPOOL.DRV
0x0000000064090000 - 0x00000000640b0000 	C:\Program Files\MATLAB\R2012a\bin\win64\mwoles05.DLL
0x0000000064010000 - 0x000000006408c000 	C:\Program Files\MATLAB\R2012a\bin\win64\comcli.dll
0x0000000063fe0000 - 0x000000006400f000 	C:\Windows\WinSxS\amd64_microsoft.vc90.atl_1fc8b3b9a1e18e3b_9.0.30729.6161_none_0a1fd3a3a768b895\ATL90.DLL
0x0000000063fd0000 - 0x0000000063fdc000 	C:\Program Files\MATLAB\R2012a\bin\win64\mlautoregister.dll
0x00000000053a0000 - 0x00000000053b0000 	C:\Program Files\MATLAB\R2012a\bin\win64\boost_iostreams-vc90-mt-1_44.dll
0x000007feff890000 - 0x000007feff8be000 	C:\Windows\system32\IMM32.DLL
0x000007feff590000 - 0x000007feff699000 	C:\Windows\system32\MSCTF.dll
0x000007fefc700000 - 0x000007fefc756000 	C:\Windows\system32\UxTheme.dll
0x000007fefc280000 - 0x000007fefc298000 	C:\Windows\system32\dwmapi.dll
0x0000000063fc0000 - 0x0000000063fcd000 	C:\Windows\WinSxS\amd64_microsoft.vc90.mfcloc_1fc8b3b9a1e18e3b_9.0.30729.6161_none_01c9581e60cbee58\MFC90ENU.DLL
0x0000000005610000 - 0x0000000005639000 	C:\Program Files\MATLAB\R2012a\bin\win64\tbbmalloc.dll
0x000007feed950000 - 0x000007feed961000 	C:\Program Files (x86)\Dexpot\hooxpot64.dll
0x000000000c330000 - 0x000000000c3f5000 	C:\Program Files (x86)\ObjectDock\Dock64.dll
0x0000000078870000 - 0x0000000078ecd000 	C:\Program Files\MATLAB\R2012a\sys\java\jre\win64\jre\bin\server\jvm.dll
0x000007fefbeb0000 - 0x000007fefbeeb000 	C:\Windows\system32\WINMM.dll
0x000007fefe010000 - 0x000007fefe01f000 	C:\Windows\system32\profapi.dll
0x000007fefb340000 - 0x000007fefb367000 	C:\Windows\system32\iphlpapi.dll
0x000007fefb330000 - 0x000007fefb33b000 	C:\Windows\system32\WINNSI.DLL
0x000007fefd6a0000 - 0x000007fefd6fb000 	C:\Windows\system32\DNSAPI.dll
0x000007fefafe0000 - 0x000007fefaff1000 	C:\Windows\system32\dhcpcsvc6.DLL
0x000007fefafc0000 - 0x000007fefafd8000 	C:\Windows\system32\dhcpcsvc.DLL
0x0000000063fb0000 - 0x0000000063fb3000 	C:\Windows\system32\icmp.Dll
0x000007fefdf40000 - 0x000007fefdf4f000 	C:\Windows\system32\CRYPTBASE.dll
0x000007fefe160000 - 0x000007fefe196000 	C:\Windows\system32\CFGMGR32.dll
0x000000007a440000 - 0x000000007a44e000 	C:\Program Files\MATLAB\R2012a\sys\java\jre\win64\jre\bin\verify.dll
0x000000007a070000 - 0x000000007a097000 	C:\Program Files\MATLAB\R2012a\sys\java\jre\win64\jre\bin\java.dll

VM Arguments:
jvm_args: -Xss512k -XX:PermSize=32m -Xms64m -XX:NewRatio=3 -XX:MaxPermSize=128m -Xmx196m -XX:MaxDirectMemorySize=2147400000 -Dsun.java2d.noddraw=true -Dsun.awt.nopixfmt=true -Xshare:off -Xrs -Dsun.awt.disableMixing=true -Djava.library.path=C:\Program Files\MATLAB\R2012a\bin\win64 vfprintf abort 
java_command: <unknown>
Launcher Type: generic

Environment Variables:
CLASSPATH=.;C:\Program Files (x86)\Java\jre7\lib\ext\QTJava.zip
PATH=C:\Windows\system32;C:\Windows;C:\Windows\System32\Wbem;C:\Windows\System32\WindowsPowerShell\v1.0\;C:\Program Files\Intel\DMIX;C:\Program Files\Intel\WiFi\bin\;C:\Program Files\Common Files\Intel\WirelessCommon\;C:\Program Files\ThinkPad\Bluetooth Software\;C:\Program Files\ThinkPad\Bluetooth Software\syswow64;C:\Program Files (x86)\Intel\Services\IPT\;C:\Program Files\MATLAB\R2012a\runtime\win64;C:\Program Files\MATLAB\R2012a\bin;C:\Program Files\TortoiseSVN\bin;C:\Program Files (x86)\MiKTeX 2.9\miktex\bin\;C:\Program Files (x86)\QuickTime\QTSystem\
USERNAME=Peter
OS=Windows_NT
PROCESSOR_IDENTIFIER=Intel64 Family 6 Model 42 Stepping 7, GenuineIntel



---------------  S Y S T E M  ---------------

OS: Windows 7 Build 7601 Service Pack 1

CPU:total 4 (8 cores per cpu, 2 threads per core) family 6 model 42 stepping 7, cmov, cx8, fxsr, mmx, sse, sse2, sse3, ssse3, sse4.1, sse4.2, ht

Memory: 4k page, physical 8268016k(5636072k free), swap 16534176k(11668416k free)

vm_info: Java HotSpot(TM) 64-Bit Server VM (14.3-b01) for windows-amd64 JRE (1.6.0_17-b04), built on Oct 11 2009 00:46:08 by "java_re" with MS VC++ 8.0

time: Fri Mar 08 22:13:34 2013
elapsed time: 123646 seconds

