#
# A fatal error has been detected by the Java Runtime Environment:
#
#  EXCEPTION_ACCESS_VIOLATION (0xc0000005) at pc=0x000000007322c750, pid=19120, tid=17544
#
# JRE version: 6.0_17-b04
# Java VM: Java HotSpot(TM) 64-Bit Server VM (14.3-b01 mixed mode windows-amd64 )
# Problematic frame:
# C  0x000000007322c750
#
# If you would like to submit a bug report, please visit:
#   http://java.sun.com/webapps/bugreport/crash.jsp
# The crash happened outside the Java Virtual Machine in native code.
# See problematic frame for where to report the bug.
#

---------------  T H R E A D  ---------------

Current thread (0x0000000055d7e800):  JavaThread "AWT-EventQueue-0" [_thread_in_native, id=17544, stack(0x00000000190c0000,0x0000000019140000)]

siginfo: ExceptionCode=0xc0000005, reading address 0x0000000000000008

Registers:
EAX=0x000000000000000d, EBX=0x0000000055d7e9b8, ECX=0x0000000000000000, EDX=0xffffffffd90131b5
ESP=0x000000001913e498, EBP=0x000000005500cc40, ESI=0x0000000055d7e9b8, EDI=0x000000006c27cb90
EIP=0x000000007322c750, EFLAGS=0x0000000000010206

Top of Stack: (sp=0x000000001913e498)
0x000000001913e498:   00000000731d589c 0000000000000000
0x000000001913e4a8:   0000000055d7e9b8 000000005500cc40
0x000000001913e4b8:   0000000055d7e9b8 000000003d4f1778
0x000000001913e4c8:   0000000055d7e9b8 000000001913f090
0x000000001913e4d8:   00000000731b3810 0000000055d7e9b8
0x000000001913e4e8:   000000001913ebb8 000000001913ec30
0x000000001913e4f8:   000000005500cc40 0000000000000000
0x000000001913e508:   00000000731d2151 0000000031bf5c44
0x000000001913e518:   000000001913ec28 0000000046c3dad8
0x000000001913e528:   000000001913ec30 0000000000000000
0x000000001913e538:   0000000100000000 000000003d5422e8
0x000000001913e548:   000000003d6d5ac8 0000000046c3ce80
0x000000001913e558:   000000003d4f1778 000000003c771e10
0x000000001913e568:   0000000046c3d008 0000000000000000
0x000000001913e578:   0000001700000017 0000000000000000
0x000000001913e588:   0000000000000001 0000001700000017 

Instructions: (pc=0x000000007322c750)
0x000000007322c740:   48 8b 41 08 48 8b 80 18 0c 00 00 c3 cc cc cc cc
0x000000007322c750:   48 8b 49 08 48 85 c9 74 05 e9 72 f6 fd ff 33 c0 


Stack: [0x00000000190c0000,0x0000000019140000],  sp=0x000000001913e498,  free space=505k
Native frames: (J=compiled Java code, j=interpreted, Vv=VM code, C=native code)
C  0x000000007322c750

Java frames: (J=compiled Java code, j=interpreted, Vv=VM code)
j  sun.java2d.windows.GDIBlitLoops.nativeBlit(Lsun/java2d/SurfaceData;Lsun/java2d/SurfaceData;Lsun/java2d/pipe/Region;IIIIIIIIIZ)V+0
j  sun.java2d.windows.GDIBlitLoops.Blit(Lsun/java2d/SurfaceData;Lsun/java2d/SurfaceData;Ljava/awt/Composite;Lsun/java2d/pipe/Region;IIIIII)V+33
J  sun.java2d.pipe.DrawImage.copyImage(Lsun/java2d/SunGraphics2D;Ljava/awt/Image;IILjava/awt/Color;Ljava/awt/image/ImageObserver;)Z
J  sun.java2d.SunGraphics2D.drawImage(Ljava/awt/Image;IILjava/awt/Color;Ljava/awt/image/ImageObserver;)Z
J  javax.swing.RepaintManager$PaintManager.paintDoubleBuffered(Ljavax/swing/JComponent;Ljava/awt/Image;Ljava/awt/Graphics;IIII)V
J  javax.swing.RepaintManager$PaintManager.paint(Ljavax/swing/JComponent;Ljavax/swing/JComponent;Ljava/awt/Graphics;IIII)Z
j  javax.swing.BufferStrategyPaintManager.paint(Ljavax/swing/JComponent;Ljavax/swing/JComponent;Ljava/awt/Graphics;IIII)Z+224
J  javax.swing.JComponent.paint(Ljava/awt/Graphics;)V
j  java.awt.GraphicsCallback$PaintCallback.run(Ljava/awt/Component;Ljava/awt/Graphics;)V+2
j  sun.awt.SunGraphicsCallback.runOneComponent(Ljava/awt/Component;Ljava/awt/Rectangle;Ljava/awt/Graphics;Ljava/awt/Shape;I)V+155
j  sun.awt.SunGraphicsCallback.runComponents([Ljava/awt/Component;Ljava/awt/Graphics;I)V+104
j  java.awt.Container.paint(Ljava/awt/Graphics;)V+73
J  javax.swing.RepaintManager.paintDirtyRegions(Ljava/util/Map;)V
j  javax.swing.RepaintManager.paintDirtyRegions()V+46
j  javax.swing.RepaintManager.seqPaintDirtyRegions()V+73
j  javax.swing.SystemEventQueueUtilities$ComponentWorkRequest.run()V+36
J  java.awt.EventDispatchThread.pumpOneEventForFilters(I)Z
J  java.awt.EventDispatchThread.pumpEventsForFilter(ILjava/awt/Conditional;Ljava/awt/EventFilter;)V
j  java.awt.EventDispatchThread.pumpEventsForHierarchy(ILjava/awt/Conditional;Ljava/awt/Component;)V+11
j  java.awt.EventDispatchThread.pumpEvents(ILjava/awt/Conditional;)V+4
j  java.awt.EventDispatchThread.pumpEvents(Ljava/awt/Conditional;)V+3
j  java.awt.EventDispatchThread.run()V+9
v  ~StubRoutines::call_stub

---------------  P R O C E S S  ---------------

Java Threads: ( => current thread )
  0x00000000552a8800 JavaThread "Code Analyzer updating thread" [_thread_blocked, id=46020, stack(0x0000000014820000,0x00000000148a0000)]
  0x00000000552a7000 JavaThread "Foxtrot Single Worker Thread #1" daemon [_thread_blocked, id=45768, stack(0x00000000145b0000,0x0000000014630000)]
  0x0000000055ef3000 JavaThread "Code Analyzer updating thread" [_thread_blocked, id=31108, stack(0x0000000014510000,0x0000000014590000)]
  0x0000000055ef4800 JavaThread "Code Analyzer updating thread" [_thread_blocked, id=41076, stack(0x00000000141a0000,0x0000000014220000)]
  0x0000000055eef800 JavaThread "Code Analyzer updating thread" [_thread_blocked, id=35444, stack(0x0000000013f80000,0x0000000014000000)]
  0x00000000552ac000 JavaThread "Code Analyzer updating thread" [_thread_blocked, id=31220, stack(0x0000000014000000,0x0000000014080000)]
  0x00000000552ab800 JavaThread "Code Analyzer updating thread" [_thread_blocked, id=36488, stack(0x0000000011770000,0x00000000117f0000)]
  0x00000000552aa800 JavaThread "Code Analyzer updating thread" [_thread_blocked, id=43320, stack(0x0000000011810000,0x0000000011890000)]
  0x00000000552aa000 JavaThread "Code Analyzer updating thread" [_thread_blocked, id=44236, stack(0x0000000011ca0000,0x0000000011d20000)]
  0x00000000552a6000 JavaThread "Code Analyzer updating thread" [_thread_blocked, id=44240, stack(0x00000000142b0000,0x0000000014330000)]
  0x00000000552a5800 JavaThread "Code Analyzer updating thread" [_thread_blocked, id=38964, stack(0x00000000146e0000,0x0000000014760000)]
  0x00000000552a7800 JavaThread "Code Analyzer updating thread" [_thread_blocked, id=44216, stack(0x0000000014d00000,0x0000000014d80000)]
  0x00000000552a5000 JavaThread "Code Analyzer updating thread" [_thread_blocked, id=44212, stack(0x0000000014410000,0x0000000014490000)]
  0x0000000056495800 JavaThread "Code Analyzer updating thread" [_thread_blocked, id=15728, stack(0x0000000014b00000,0x0000000014b80000)]
  0x0000000055cec000 JavaThread "Code Analyzer updating thread" [_thread_blocked, id=36432, stack(0x0000000014c60000,0x0000000014ce0000)]
  0x0000000055cef800 JavaThread "Code Analyzer updating thread" [_thread_blocked, id=40820, stack(0x0000000011ea0000,0x0000000011f20000)]
  0x0000000056494000 JavaThread "Code Analyzer updating thread" [_thread_blocked, id=41692, stack(0x0000000011da0000,0x0000000011e20000)]
  0x0000000056492800 JavaThread "Code Analyzer updating thread" [_thread_blocked, id=38820, stack(0x0000000011e20000,0x0000000011ea0000)]
  0x0000000056493800 JavaThread "Code Analyzer updating thread" [_thread_blocked, id=41008, stack(0x00000000140d0000,0x0000000014150000)]
  0x0000000055ef1000 JavaThread "Code Analyzer updating thread" [_thread_blocked, id=43928, stack(0x0000000010f80000,0x0000000011000000)]
  0x0000000055ef6800 JavaThread "Code Analyzer updating thread" [_thread_blocked, id=44128, stack(0x0000000011d20000,0x0000000011da0000)]
  0x0000000055ef6000 JavaThread "Code Analyzer updating thread" [_thread_blocked, id=39884, stack(0x0000000010ec0000,0x0000000010f40000)]
  0x0000000055ef5000 JavaThread "Code Analyzer updating thread" [_thread_blocked, id=44096, stack(0x0000000014b90000,0x0000000014c10000)]
  0x0000000055cf1800 JavaThread "Code Analyzer updating thread" [_thread_blocked, id=41736, stack(0x0000000014940000,0x00000000149c0000)]
  0x0000000055cf1000 JavaThread "Code Analyzer updating thread" [_thread_blocked, id=45052, stack(0x00000000149c0000,0x0000000014a40000)]
  0x0000000055cef000 JavaThread "Code Analyzer updating thread" [_thread_blocked, id=45048, stack(0x00000000148c0000,0x0000000014940000)]
  0x0000000055ef4000 JavaThread "pool-6-thread-1" [_thread_blocked, id=42388, stack(0x00000000111b0000,0x0000000011230000)]
  0x0000000055ef0000 JavaThread "Prefs Updater" daemon [_thread_blocked, id=13656, stack(0x00000000110f0000,0x0000000011170000)]
  0x0000000055cf0000 JavaThread "Timer-3" [_thread_blocked, id=17824, stack(0x0000000067f00000,0x0000000067f80000)]
  0x0000000055cee000 JavaThread "Active Reference Queue Daemon" daemon [_thread_blocked, id=20108, stack(0x0000000056750000,0x00000000567d0000)]
  0x0000000055ced800 JavaThread "Timer-2" daemon [_thread_blocked, id=21964, stack(0x0000000056e70000,0x0000000056ef0000)]
  0x0000000055cec800 JavaThread "Timer-1" daemon [_thread_blocked, id=21264, stack(0x0000000056c90000,0x0000000056d10000)]
  0x0000000055ceb000 JavaThread "TimerQueue" daemon [_thread_blocked, id=17716, stack(0x0000000019140000,0x00000000191c0000)]
=>0x0000000055d7e800 JavaThread "AWT-EventQueue-0" [_thread_in_native, id=17544, stack(0x00000000190c0000,0x0000000019140000)]
  0x0000000055ea8000 JavaThread "AWT-Shutdown" [_thread_blocked, id=15244, stack(0x00000000254b0000,0x0000000025530000)]
  0x0000000055efc000 JavaThread "FelixPackageAdmin" daemon [_thread_blocked, id=18360, stack(0x0000000056c00000,0x0000000056c80000)]
  0x0000000055efb800 JavaThread "FelixStartLevel" daemon [_thread_blocked, id=14104, stack(0x00000000566a0000,0x0000000056720000)]
  0x0000000055cd2000 JavaThread "FelixDispatchQueue" daemon [_thread_blocked, id=17524, stack(0x000000001d1d0000,0x000000001d250000)]
  0x0000000055eb8800 JavaThread "com.google.common.base.internal.Finalizer" daemon [_thread_blocked, id=8120, stack(0x000000001d300000,0x000000001d380000)]
  0x0000000055e02000 JavaThread "AWT-Windows" daemon [_thread_in_native, id=12184, stack(0x0000000019040000,0x00000000190c0000)]
  0x0000000055bf1000 JavaThread "Java2D Disposer" daemon [_thread_blocked, id=13648, stack(0x000000000ef80000,0x000000000f000000)]
  0x000000005587c000 JavaThread "Timer-0" [_thread_blocked, id=21356, stack(0x000000000fee0000,0x000000000ff60000)]
  0x00000000554c0800 JavaThread "EventMgr Dispatcher" daemon [_thread_in_native, id=21400, stack(0x00000000191d0000,0x000000001d1d0000)]
  0x000000000fa52800 JavaThread "Low Memory Detector" daemon [_thread_blocked, id=18176, stack(0x000000000fd40000,0x000000000fdc0000)]
  0x000000000fa4f000 JavaThread "CompilerThread1" daemon [_thread_blocked, id=15768, stack(0x0000000063280000,0x0000000067280000)]
  0x000000000fa45000 JavaThread "CompilerThread0" daemon [_thread_blocked, id=20772, stack(0x000000005f260000,0x0000000063260000)]
  0x000000000fa43000 JavaThread "Attach Listener" daemon [_thread_blocked, id=16940, stack(0x000000000fe00000,0x000000000fe80000)]
  0x000000000f9eb800 JavaThread "Finalizer" daemon [_thread_blocked, id=21256, stack(0x000000000fb60000,0x000000000fbe0000)]
  0x000000000f9e5800 JavaThread "Reference Handler" daemon [_thread_blocked, id=18544, stack(0x000000000fc60000,0x000000000fce0000)]
  0x0000000006b53000 JavaThread "main" [_thread_in_native, id=21684, stack(0x0000000000190000,0x0000000004190000)]

Other Threads:
  0x000000000f9e2000 VMThread [stack: 0x000000005b1c0000,0x000000005f1c0000] [id=8168]
  0x000000000fa7e800 WatcherThread [stack: 0x00000000681b0000,0x000000006c1b0000] [id=20408]

VM state:not at safepoint (normal execution)

VM Mutex/Monitor currently owned by a thread: None

Heap
 PSYoungGen      total 39296K, used 27112K [0x00000000458f0000, 0x0000000048920000, 0x00000000489f0000)
  eden space 30336K, 65% used [0x00000000458f0000,0x0000000046c739a0,0x0000000047690000)
  from space 8960K, 79% used [0x0000000047fb0000,0x00000000486a69d0,0x0000000048870000)
  to   space 9344K, 0% used [0x0000000047690000,0x0000000047690000,0x0000000047fb0000)
 PSOldGen        total 150528K, used 129269K [0x000000003c5f0000, 0x00000000458f0000, 0x00000000458f0000)
  object space 150528K, 85% used [0x000000003c5f0000,0x000000004442d4f0,0x00000000458f0000)
 PSPermGen       total 101696K, used 59156K [0x00000000345f0000, 0x000000003a940000, 0x000000003c5f0000)
  object space 101696K, 58% used [0x00000000345f0000,0x0000000037fb5310,0x000000003a940000)

Dynamic libraries:
0x000000013f2f0000 - 0x000000013f322000 	C:\Program Files\MATLAB\R2012a\bin\win64\MATLAB.exe
0x0000000076e40000 - 0x0000000076fe9000 	C:\Windows\SYSTEM32\ntdll.dll
0x0000000076d20000 - 0x0000000076e40000 	C:\Windows\system32\kernel32.dll
0x000007fefcc20000 - 0x000007fefcc8c000 	C:\Windows\system32\KERNELBASE.dll
0x0000000074460000 - 0x0000000074554000 	C:\Program Files\MATLAB\R2012a\bin\win64\libut.dll
0x00000000758a0000 - 0x0000000075952000 	C:\Program Files\MATLAB\R2012a\bin\win64\libmwi18n.dll
0x0000000180000000 - 0x000000018000b000 	C:\Program Files\MATLAB\R2012a\bin\win64\libmwresource_core.dll
0x000000006fc70000 - 0x000000006fd43000 	C:\Windows\WinSxS\amd64_microsoft.vc90.crt_1fc8b3b9a1e18e3b_9.0.30729.6161_none_08e61857a83bc251\MSVCP90.dll
0x000000006fbc0000 - 0x000000006fc63000 	C:\Windows\WinSxS\amd64_microsoft.vc90.crt_1fc8b3b9a1e18e3b_9.0.30729.6161_none_08e61857a83bc251\MSVCR90.dll
0x000000007a170000 - 0x000000007a19c000 	C:\Program Files\MATLAB\R2012a\bin\win64\boost_filesystem-vc90-mt-1_44.dll
0x000000007a560000 - 0x000000007a569000 	C:\Program Files\MATLAB\R2012a\bin\win64\boost_system-vc90-mt-1_44.dll
0x000007fefd2a0000 - 0x000007fefd37b000 	C:\Windows\system32\ADVAPI32.dll
0x000007feff090000 - 0x000007feff12f000 	C:\Windows\system32\msvcrt.dll
0x000007feff130000 - 0x000007feff14f000 	C:\Windows\SYSTEM32\sechost.dll
0x000007fefecf0000 - 0x000007fefee1d000 	C:\Windows\system32\RPCRT4.dll
0x000000007a010000 - 0x000000007a035000 	C:\Program Files\MATLAB\R2012a\bin\win64\LIBEXPAT.dll
0x0000000073680000 - 0x0000000073871000 	C:\Program Files\MATLAB\R2012a\bin\win64\icuin44.dll
0x0000000056830000 - 0x00000000569a1000 	C:\Program Files\MATLAB\R2012a\bin\win64\icuuc44.dll
0x0000000010000000 - 0x0000000010e41000 	C:\Program Files\MATLAB\R2012a\bin\win64\icudt44.dll
0x0000000073f70000 - 0x00000000740ad000 	C:\Program Files\MATLAB\R2012a\bin\win64\libmwfl.dll
0x0000000004300000 - 0x00000000045f6000 	C:\Program Files\MATLAB\R2012a\bin\win64\libmwMATLAB_res.dll
0x000000007a3b0000 - 0x000000007a3c0000 	C:\Program Files\MATLAB\R2012a\bin\win64\boost_date_time-vc90-mt-1_44.dll
0x000000007a250000 - 0x000000007a263000 	C:\Program Files\MATLAB\R2012a\bin\win64\boost_signals-vc90-mt-1_44.dll
0x000000007a2d0000 - 0x000000007a2e2000 	C:\Program Files\MATLAB\R2012a\bin\win64\boost_thread-vc90-mt-1_44.dll
0x00000000041a0000 - 0x00000000041e6000 	C:\Program Files\MATLAB\R2012a\bin\win64\tbb.dll
0x000007fefdcf0000 - 0x000007fefdd09000 	C:\Windows\system32\imagehlp.dll
0x0000000077010000 - 0x0000000077017000 	C:\Windows\system32\PSAPI.DLL
0x0000000071320000 - 0x0000000071333000 	C:\Program Files\MATLAB\R2012a\bin\win64\icuio44.dll
0x000007fef9fa0000 - 0x000007fefa0c5000 	C:\Windows\system32\dbghelp.dll
0x0000000076c20000 - 0x0000000076d1a000 	C:\Windows\system32\USER32.dll
0x000007fefdd10000 - 0x000007fefdd77000 	C:\Windows\system32\GDI32.dll
0x000007fefdae0000 - 0x000007fefdaee000 	C:\Windows\system32\LPK.dll
0x000007fefd510000 - 0x000007fefd5d9000 	C:\Windows\system32\USP10.dll
0x000000007bed0000 - 0x000000007c183000 	C:\Program Files\MATLAB\R2012a\bin\win64\libmwservices.dll
0x0000000075a20000 - 0x0000000075ae2000 	C:\Program Files\MATLAB\R2012a\bin\win64\libmx.dll
0x000000007a210000 - 0x000000007a228000 	C:\Program Files\MATLAB\R2012a\bin\win64\zlib1.dll
0x0000000004640000 - 0x0000000004661000 	C:\Program Files\MATLAB\R2012a\bin\win64\libmwmfl_scalar.dll
0x0000000075f10000 - 0x0000000075f5d000 	C:\Program Files\MATLAB\R2012a\bin\win64\mpath.dll
0x000000007b680000 - 0x000000007bbe1000 	C:\Program Files\MATLAB\R2012a\bin\win64\mlutil.dll
0x00000000712a0000 - 0x000000007131f000 	C:\Program Files\MATLAB\R2012a\bin\win64\xmlcore.dll
0x000000007bc30000 - 0x000000007be83000 	C:\Program Files\MATLAB\R2012a\bin\win64\xerces-c_2_7.dll
0x000007fefcfa0000 - 0x000007fefcfed000 	C:\Windows\system32\WS2_32.dll
0x000007fefd080000 - 0x000007fefd088000 	C:\Windows\system32\NSI.dll
0x00000000046c0000 - 0x00000000046da000 	C:\Program Files\MATLAB\R2012a\bin\win64\libmwMATLAB_settings_res.dll
0x00000000046f0000 - 0x0000000004737000 	C:\Program Files\MATLAB\R2012a\bin\win64\boost_serialization-vc90-mt-1_44.dll
0x000007fefdf60000 - 0x000007fefece9000 	C:\Windows\system32\SHELL32.dll
0x000007fefd380000 - 0x000007fefd3f1000 	C:\Windows\system32\SHLWAPI.dll
0x000007fef1020000 - 0x000007fef10c0000 	C:\Windows\WinSxS\amd64_microsoft.windows.common-controls_6595b64144ccf1df_5.82.7601.18837_none_a4d981ff711297b6\COMCTL32.dll
0x000007fefd770000 - 0x000007fefd807000 	C:\Windows\system32\COMDLG32.dll
0x000007fefb9f0000 - 0x000007fefba06000 	C:\Windows\system32\NETAPI32.dll
0x000007fefc160000 - 0x000007fefc16c000 	C:\Windows\system32\netutils.dll
0x000007fefc8b0000 - 0x000007fefc8d3000 	C:\Windows\system32\srvcli.dll
0x000007fefbd70000 - 0x000007fefbd85000 	C:\Windows\system32\wkscli.dll
0x000007fefd090000 - 0x000007fefd293000 	C:\Windows\system32\ole32.dll
0x000007fefdb90000 - 0x000007fefdc67000 	C:\Windows\system32\OLEAUT32.dll
0x0000000074970000 - 0x0000000074b06000 	C:\Program Files\MATLAB\R2012a\bin\win64\mcr.dll
0x0000000075000000 - 0x000000007536b000 	C:\Program Files\MATLAB\R2012a\bin\win64\iqm.dll
0x0000000004770000 - 0x0000000004f91000 	C:\Program Files\MATLAB\R2012a\bin\win64\m_interpreter.dll
0x0000000070e60000 - 0x0000000070e85000 	C:\Program Files\MATLAB\R2012a\bin\win64\libmex.dll
0x0000000074de0000 - 0x0000000074e93000 	C:\Program Files\MATLAB\R2012a\bin\win64\m_dispatcher.dll
0x0000000074880000 - 0x000000007496d000 	C:\Program Files\MATLAB\R2012a\bin\win64\boost_regex-vc90-mt-1_44.dll
0x0000000004fe0000 - 0x0000000005064000 	C:\Program Files\MATLAB\R2012a\bin\win64\profiler.dll
0x0000000005080000 - 0x00000000052d5000 	C:\Program Files\MATLAB\R2012a\bin\win64\libmwmathutil.dll
0x0000000079f40000 - 0x0000000079f6d000 	C:\Program Files\MATLAB\R2012a\bin\win64\libmwmathrng.dll
0x0000000074c10000 - 0x0000000074ced000 	C:\Program Files\MATLAB\R2012a\bin\win64\libmwmathcore.dll
0x0000000076160000 - 0x00000000761cb000 	C:\Program Files\MATLAB\R2012a\bin\win64\libmwspmatrix.dll
0x0000000075ea0000 - 0x0000000075f02000 	C:\Program Files\MATLAB\R2012a\bin\win64\libmwcholmod.dll
0x000000007a460000 - 0x000000007a46d000 	C:\Program Files\MATLAB\R2012a\bin\win64\libmwamd.dll
0x000000007a4b0000 - 0x000000007a4bc000 	C:\Program Files\MATLAB\R2012a\bin\win64\libmwcolamd.dll
0x0000000071280000 - 0x0000000071299000 	C:\Program Files\MATLAB\R2012a\bin\win64\libmwblas.dll
0x00000000710b0000 - 0x00000000710c2000 	C:\Program Files\MATLAB\R2012a\bin\win64\libmwbinder.dll
0x0000000071380000 - 0x000000007138b000 	C:\Program Files\MATLAB\R2012a\bin\win64\libmwompwrapper.dll
0x00000000753b0000 - 0x0000000075436000 	C:\Program Files\MATLAB\R2012a\bin\win64\libmwlapack.dll
0x0000000070e30000 - 0x0000000070e51000 	C:\Program Files\MATLAB\R2012a\bin\win64\m_pcodeio.dll
0x0000000079b10000 - 0x0000000079b77000 	C:\Program Files\MATLAB\R2012a\bin\win64\m_ir.dll
0x0000000078e30000 - 0x0000000079480000 	C:\Program Files\MATLAB\R2012a\bin\win64\m_parser.dll
0x0000000070e10000 - 0x0000000070e2a000 	C:\Program Files\MATLAB\R2012a\bin\win64\ir_xfmr.dll
0x00000000053d0000 - 0x0000000005649000 	C:\Program Files\MATLAB\R2012a\bin\win64\mcos.dll
0x0000000070fd0000 - 0x0000000070fdc000 	C:\Program Files\MATLAB\R2012a\bin\win64\mtok.dll
0x0000000056b60000 - 0x0000000056b91000 	C:\Program Files\MATLAB\R2012a\bin\win64\m_pcodegen.dll
0x0000000079fb0000 - 0x0000000079fe7000 	C:\Program Files\MATLAB\R2012a\bin\win64\libmwbridge.dll
0x0000000074300000 - 0x00000000743c8000 	C:\Program Files\MATLAB\R2012a\bin\win64\udd.dll
0x0000000073910000 - 0x0000000073a62000 	C:\Program Files\MATLAB\R2012a\bin\win64\libmwgui.dll
0x0000000070df0000 - 0x0000000070e07000 	C:\Program Files\MATLAB\R2012a\bin\win64\graphics_util.dll
0x00000000056c0000 - 0x0000000006063000 	C:\Program Files\MATLAB\R2012a\bin\win64\hg.dll
0x0000000006080000 - 0x00000000060e7000 	C:\Program Files\MATLAB\R2012a\bin\win64\libmat.dll
0x0000000072d30000 - 0x0000000072f44000 	C:\Program Files\MATLAB\R2012a\bin\win64\hdf5dll.dll
0x0000000075710000 - 0x00000000757c1000 	C:\Program Files\MATLAB\R2012a\bin\win64\jmi.dll
0x0000000006120000 - 0x000000000612e000 	C:\Program Files\MATLAB\R2012a\bin\win64\nativejava_services.dll
0x00000000567e0000 - 0x0000000056822000 	C:\Program Files\MATLAB\R2012a\bin\win64\libmwhardcopy.dll
0x0000000006150000 - 0x00000000061aa000 	C:\Program Files\MATLAB\R2012a\bin\win64\libuij.dll
0x0000000072a20000 - 0x0000000072c2c000 	C:\Program Files\MATLAB\R2012a\bin\win64\hgdatatypes.dll
0x00000000061d0000 - 0x00000000062cd000 	C:\Program Files\MATLAB\R2012a\bin\win64\hgutils.dll
0x00000000062e0000 - 0x000000000639d000 	C:\Program Files\MATLAB\R2012a\bin\win64\udd_mi.dll
0x00000000063b0000 - 0x00000000063eb000 	C:\Program Files\MATLAB\R2012a\bin\win64\libmwgbtutils.dll
0x0000000006400000 - 0x0000000006419000 	C:\Program Files\MATLAB\R2012a\bin\win64\libmwgbt.dll
0x0000000006430000 - 0x00000000066fa000 	C:\Program Files\MATLAB\R2012a\bin\win64\uiw.dll
0x0000000070de0000 - 0x0000000070def000 	C:\Program Files\MATLAB\R2012a\bin\win64\uinone.dll
0x000007fef97e0000 - 0x000007fef97f8000 	C:\Windows\system32\MPR.dll
0x0000000078620000 - 0x0000000078b04000 	C:\Windows\WinSxS\amd64_microsoft.vc90.mfc_1fc8b3b9a1e18e3b_9.0.30729.6161_none_044aad0bab1eb146\mfc90.dll
0x000007fefa740000 - 0x000007fefa747000 	C:\Windows\system32\MSIMG32.dll
0x000007fefab70000 - 0x000007fefabe1000 	C:\Windows\system32\WINSPOOL.DRV
0x000000006d6d0000 - 0x000000006d6f0000 	C:\Program Files\MATLAB\R2012a\bin\win64\mwoles05.DLL
0x0000000006730000 - 0x00000000067ac000 	C:\Program Files\MATLAB\R2012a\bin\win64\comcli.dll
0x0000000056ff0000 - 0x000000005701f000 	C:\Windows\WinSxS\amd64_microsoft.vc90.atl_1fc8b3b9a1e18e3b_9.0.30729.6161_none_0a1fd3a3a768b895\ATL90.DLL
0x0000000070570000 - 0x000000007057c000 	C:\Program Files\MATLAB\R2012a\bin\win64\mlautoregister.dll
0x00000000067d0000 - 0x00000000067e0000 	C:\Program Files\MATLAB\R2012a\bin\win64\boost_iostreams-vc90-mt-1_44.dll
0x000007fefc9e0000 - 0x000007fefca37000 	C:\Windows\system32\apphelp.dll
0x000007fef2730000 - 0x000007fef2781000 	C:\Windows\AppPatch\AppPatch64\AcGenral.DLL
0x000007fefc9b0000 - 0x000007fefc9d5000 	C:\Windows\system32\SspiCli.dll
0x0000000071830000 - 0x0000000071833000 	C:\Windows\system32\sfc.dll
0x000007fef6170000 - 0x000007fef6180000 	C:\Windows\system32\sfc_os.DLL
0x000007fefcf70000 - 0x000007fefcf8e000 	C:\Windows\system32\USERENV.dll
0x000007fefcbe0000 - 0x000007fefcbef000 	C:\Windows\system32\profapi.dll
0x000007fefadd0000 - 0x000007fefade8000 	C:\Windows\system32\dwmapi.dll
0x000007fefd050000 - 0x000007fefd07e000 	C:\Windows\system32\IMM32.DLL
0x000007fefd400000 - 0x000007fefd509000 	C:\Windows\system32\MSCTF.dll
0x000007fefcb10000 - 0x000007fefcb50000 	C:\Windows\system32\nvinitx.dll
0x000000000f000000 - 0x000000000f006000 	C:\Program Files\NVIDIA Corporation\CoProcManager\_etoured.dll
0x000007fefa7b0000 - 0x000007fefa806000 	C:\Program Files\NVIDIA Corporation\CoProcManager\nvd3d9wrapx.dll
0x000007fefdd80000 - 0x000007fefdf57000 	C:\Windows\system32\SETUPAPI.dll
0x000007fefccb0000 - 0x000007fefcce6000 	C:\Windows\system32\CFGMGR32.dll
0x000007fefcc00000 - 0x000007fefcc1a000 	C:\Windows\system32\DEVOBJ.dll
0x000007fefa920000 - 0x000007fefa95d000 	C:\Program Files\NVIDIA Corporation\CoProcManager\nvdxgiwrapx.dll
0x000007fefb460000 - 0x000007fefb4b6000 	C:\Windows\system32\UxTheme.dll
0x000000006ec70000 - 0x000000006ec7d000 	C:\Windows\WinSxS\amd64_microsoft.vc90.mfcloc_1fc8b3b9a1e18e3b_9.0.30729.6161_none_01c9581e60cbee58\MFC90ENU.DLL
0x0000000006a80000 - 0x0000000006aa9000 	C:\Program Files\MATLAB\R2012a\bin\win64\tbbmalloc.dll
0x000007fefa140000 - 0x000007fefa14f000 	C:\Program Files\MATLAB\R2012a\bin\win64\xmlxrcsc.dll

VM Arguments:
jvm_args: -Xss512k -XX:PermSize=32m -Xms64m -XX:NewRatio=3 -XX:MaxPermSize=128m -Xmx196m -XX:MaxDirectMemorySize=2147400000 -Dsun.java2d.noddraw=true -Dsun.awt.nopixfmt=true -Xshare:off -Xrs -Dsun.awt.disableMixing=true -Djava.library.path=C:\Program Files\MATLAB\R2012a\bin\win64 vfprintf abort 
java_command: <unknown>
Launcher Type: generic

Environment Variables:
PATH=C:\ProgramData\Oracle\Java\javapath;C:\Program Files\Python\;C:\Program Files\Python\Scripts;C:\Program Files (x86)\Qucs\bin;C:\Windows\system32;C:\Windows;C:\Windows\System32\Wbem;C:\Windows\System32\WindowsPowerShell\v1.0\;C:\Program Files\Intel\DMIX;C:\Program Files\ThinkPad\Bluetooth Software\;C:\Program Files\ThinkPad\Bluetooth Software\syswow64;C:\Program Files\TortoiseSVN\bin;C:\Program Files (x86)\MiKTeX 2.9\miktex\bin\;C:\Program Files\Intel\WiFi\bin\;C:\Program Files\Common Files\Intel\WirelessCommon\;C:\Program Files (x86)\Intel\Services\IPT\;C:\Program Files (x86)\Lenovo\Access Connections\;C:\Program Files\MATLAB\R2012a\runtime\win64;C:\Program Files\MATLAB\R2012a\bin;C:\Program Files (x86)\NeXus Data Format\bin;C:\Program Files (x86)\QuickTime\QTSystem\;C:\ProgramData\Oracle\Java\javapath;C:\Program Files\Python\;C:\Program Files\Python\Scripts;C:\Program Files (x86)\Qucs\bin;C:\Windows\system32;C:\Windows;C:\Windows\System32\Wbem;C:\Windows\System32\WindowsPowerShell\v1.0\;C:\Program Files\Intel\DMIX;C:\Program Files\ThinkPad\Bluetooth Software\;C:\Program Files\ThinkPad\Bluetooth Software\syswow64;C:\Program Files\TortoiseSVN\bin;C:\Program Files (x86)\MiKTeX 2.9\miktex\bin\;C:\Program Files\Intel\WiFi\bin\;C:\Program Files\Common Files\Intel\WirelessCommon\;C:\Program Files (x86)\Intel\Services\IPT\;C:\Program Files (x86)\Lenovo\Access Connections\;C:\Program Files\MATLAB\R2012a\runtime\win64;C:\Program Files\MATLAB\R2012a\bin;C:\Program Files (x86)\NeXus Data Format\bin;C:\Program Files (x86)\QuickTime\QTSystem\;C:\Program Files (x86)\Gle4\bin;c:\FullProf_Suite
USERNAME=babkevic
OS=Windows_NT
PROCESSOR_IDENTIFIER=Intel64 Family 6 Model 42 Stepping 7, GenuineIntel



---------------  S Y S T E M  ---------------

OS: Windows 7 Build 7601 Service Pack 1

CPU:total 4 (8 cores per cpu, 2 threads per core) family 6 model 42 stepping 7, cmov, cx8, fxsr, mmx, sse, sse2, sse3, ssse3, sse4.1, sse4.2, ht

Memory: 4k page, physical 8268016k(1747916k free), swap 16534196k(6441836k free)

vm_info: Java HotSpot(TM) 64-Bit Server VM (14.3-b01) for windows-amd64 JRE (1.6.0_17-b04), built on Oct 11 2009 00:46:08 by "java_re" with MS VC++ 8.0

time: Fri Nov 06 18:07:54 2015
elapsed time: 256908 seconds

